This file contains any messages produced by compilers while
running configure, to aid debugging if configure makes a mistake.

It was created by speexdsp configure 1.2.1, which was
generated by GNU Autoconf 2.71.  Invocation command line was

  $ /home/zackmon/.ndk-pkg/run/484146/android-21-armeabi-v7a/libspeexdsp/src/configure --host=armv7a-linux-androideabi --prefix=/home/zackmon/.ndk-pkg/installed/android-21-armeabi-v7a/cca0f5f67ed4ac9f7353dd355f6bd4b25a442126e9e3b7a0800adada1e9cf44a --disable-option-checking --disable-nls --disable-rpath --enable-largefile --disable-debug --enable-static --enable-shared --disable-year2038 --with-pic CC=/home/zackmon/.ndk-pkg/core/wrapper-target-cc 'CFLAGS=-Qunused-arguments -fPIC -Wall -fno-common -Os' CXX=/home/zackmon/.ndk-pkg/core/wrapper-target-c++ 'CXXFLAGS=-Qunused-arguments -fPIC -Wall -fno-common -Os' 'CPP=/home/zackmon/.ndk-pkg/core/wrapper-target-cc -E' 'CPPFLAGS=-I/home/zackmon/.ndk-pkg/run/484146/android-21-armeabi-v7a/libspeexdsp/include -Qunused-arguments -include /home/zackmon/.ndk-pkg/run/484146/android-21-armeabi-v7a/libspeexdsp/include/ndk-pkg-common.h -DNDEBUG' 'LDFLAGS=-L/home/zackmon/.ndk-pkg/run/484146/android-21-armeabi-v7a/libspeexdsp/lib -Wl,--as-needed -Wl,-z,muldefs -Wl,--allow-multiple-definition -flto -Wl,-s' AR=/home/zackmon/.ndk-pkg/uppm/installed/android-ndk-r26d/toolchains/llvm/prebuilt/linux-x86_64/bin/llvm-ar RANLIB=/home/zackmon/.ndk-pkg/uppm/installed/android-ndk-r26d/toolchains/llvm/prebuilt/linux-x86_64/bin/llvm-ranlib PKG_CONFIG=/home/zackmon/.ndk-pkg/uppm/installed/pkg-config/bin/pkg-config PKG_CONFIG_PATH=/home/zackmon/.ndk-pkg/run/484146/android-21-armeabi-v7a/libspeexdsp/lib/pkgconfig PKG_CONFIG_LIBDIR=/home/zackmon/.ndk-pkg/run/484146/android-21-armeabi-v7a/libspeexdsp/lib/pkgconfig CC_FOR_BUILD=/home/zackmon/.ndk-pkg/core/wrapper-native-cc

## --------- ##
## Platform. ##
## --------- ##

hostname = zackmon-TRX40-DESIGNARE
uname -m = x86_64
uname -r = 6.8.0-35-generic
uname -s = Linux
uname -v = #35-Ubuntu SMP PREEMPT_DYNAMIC Mon May 20 15:51:52 UTC 2024

/usr/bin/uname -p = x86_64
/bin/uname -X     = unknown

/bin/arch              = x86_64
/usr/bin/arch -k       = unknown
/usr/convex/getsysinfo = unknown
/usr/bin/hostinfo      = unknown
/bin/machine           = unknown
/usr/bin/oslevel       = unknown
/bin/universe          = unknown

PATH: /home/zackmon/.ndk-pkg/run/484146/android-21-armeabi-v7a/libspeexdsp/bin/
PATH: /home/zackmon/.ndk-pkg/uppm/installed/android-ndk-r26d/
PATH: /home/zackmon/.ndk-pkg/native/linux-x86_64/perl/bin/
PATH: /home/zackmon/.ndk-pkg/native/linux-x86_64/libtool/bin/
PATH: /home/zackmon/.ndk-pkg/native/linux-x86_64/automake/bin/
PATH: /home/zackmon/.ndk-pkg/native/linux-x86_64/autoconf/bin/
PATH: /home/zackmon/.ndk-pkg/uppm/installed/tree/bin/
PATH: /home/zackmon/.ndk-pkg/uppm/installed/pkg-config/bin/
PATH: /home/zackmon/.ndk-pkg/uppm/installed/patchelf/bin/
PATH: /home/zackmon/.ndk-pkg/uppm/installed/gmake/bin/
PATH: /home/zackmon/.ndk-pkg/uppm/installed/gm4/bin/
PATH: /home/zackmon/.ndk-pkg/uppm/installed/curl/bin/
PATH: /home/zackmon/.ndk-pkg/uppm/installed/bsdtar/bin/
PATH: /home/zackmon/.ndk-pkg/uppm/installed/bash/bin/
PATH: /home/zackmon/.ndk-pkg/uppm/installed/coreutils/bin/
PATH: /home/zackmon/.ndk-pkg/uppm/installed/findutils/bin/
PATH: /home/zackmon/.ndk-pkg/uppm/installed/gawk/bin/
PATH: /home/zackmon/.ndk-pkg/uppm/installed/gsed/bin/
PATH: /home/zackmon/.ndk-pkg/uppm/installed/grep/bin/
PATH: /home/zackmon/.ndk-pkg/uppm/installed/bsdtar/bin/
PATH: /home/zackmon/.ndk-pkg/uppm/installed/zip/bin/
PATH: /home/zackmon/.ndk-pkg/uppm/installed/git/bin/
PATH: /home/zackmon/.ndk-pkg/uppm/installed/curl/bin/
PATH: /home/zackmon/.ndk-pkg/uppm/installed/tree/bin/
PATH: /home/zackmon/.ndk-pkg/uppm/installed/sysinfo/bin/
PATH: /home/zackmon/.ndk-pkg/uppm/installed/patchelf/bin/
PATH: /home/zackmon/.ndk-pkg/uppm/installed/xxd/bin/
PATH: /home/zackmon/.ndk-pkg/uppm/installed/fzf/bin/
PATH: /home/zackmon/.ndk-pkg/uppm/installed/bat/bin/
PATH: /home/zackmon/.ndk-pkg/uppm/installed/jq/bin/
PATH: /home/zackmon/.ndk-pkg/uppm/installed/yq/bin/
PATH: /home/zackmon/.ndk-pkg/uppm/installed/d2/bin/
PATH: /home/zackmon/.ndk-pkg/uppm/installed/dot_static/bin/
PATH: /home/zackmon/.pyenv/shims/
PATH: /home/zackmon/.pyenv/bin/
PATH: /home/zackmon/.nvm/versions/node/v20.11.1/bin/
PATH: /home/zackmon/.sdkman/candidates/maven/current/bin/
PATH: /home/zackmon/.sdkman/candidates/java/current/bin/
PATH: /home/zackmon/development/ndk-pkg/
PATH: /home/zackmon/development/armips/build/
PATH: /home/zackmon/Documents/oc_tool/
PATH: /home/zackmon/Documents/crc-linux-2.33.0-amd64/
PATH: /home/zackmon/idasdk_pro83/bin/
PATH: /home/zackmon/.local/bin/
PATH: /home/zackmon/.pyenv/bin/
PATH: /home/zackmon/.cargo/bin/
PATH: /home/linuxbrew/.linuxbrew/bin/
PATH: /home/linuxbrew/.linuxbrew/sbin/
PATH: /home/zackmon/.local/bin/
PATH: /usr/local/sbin/
PATH: /usr/local/bin/
PATH: /usr/sbin/
PATH: /usr/bin/
PATH: /sbin/
PATH: /bin/
PATH: /usr/games/
PATH: /usr/local/games/
PATH: /snap/bin/
PATH: /home/zackmon/.dotnet/tools/
PATH: /home/zackmon/.local/share/JetBrains/Toolbox/scripts/


## ----------- ##
## Core tests. ##
## ----------- ##

configure:2656: looking for aux files: compile ltmain.sh config.guess config.sub missing install-sh
configure:2669:  trying /home/zackmon/.ndk-pkg/run/484146/android-21-armeabi-v7a/libspeexdsp/src/
configure:2698:   /home/zackmon/.ndk-pkg/run/484146/android-21-armeabi-v7a/libspeexdsp/src/compile found
configure:2698:   /home/zackmon/.ndk-pkg/run/484146/android-21-armeabi-v7a/libspeexdsp/src/ltmain.sh found
configure:2698:   /home/zackmon/.ndk-pkg/run/484146/android-21-armeabi-v7a/libspeexdsp/src/config.guess found
configure:2698:   /home/zackmon/.ndk-pkg/run/484146/android-21-armeabi-v7a/libspeexdsp/src/config.sub found
configure:2698:   /home/zackmon/.ndk-pkg/run/484146/android-21-armeabi-v7a/libspeexdsp/src/missing found
configure:2680:   /home/zackmon/.ndk-pkg/run/484146/android-21-armeabi-v7a/libspeexdsp/src/install-sh found
configure:2825: checking whether make supports nested variables
configure:2843: result: yes
configure:2883: checking for a BSD-compatible install
configure:2956: result: /home/zackmon/.ndk-pkg/uppm/installed/coreutils/bin/install -c
configure:2967: checking whether build environment is sane
configure:3022: result: yes
configure:3078: checking for armv7a-linux-androideabi-strip
configure:3110: result: /home/zackmon/.ndk-pkg/uppm/installed/android-ndk-r26d/toolchains/llvm/prebuilt/linux-x86_64/bin/llvm-strip
configure:3181: checking for a race-free mkdir -p
configure:3225: result: /home/zackmon/.ndk-pkg/uppm/installed/coreutils/bin/mkdir -p
configure:3232: checking for gawk
configure:3253: found /home/zackmon/.ndk-pkg/uppm/installed/gawk/bin/gawk
configure:3264: result: gawk
configure:3275: checking whether make sets $(MAKE)
configure:3298: result: yes
configure:3437: checking whether to enable maintainer-specific portions of Makefiles
configure:3447: result: yes
configure:3467: checking build system type
configure:3482: result: x86_64-pc-linux-gnu
configure:3502: checking host system type
configure:3516: result: armv7a-unknown-linux-androideabi
configure:3914: checking how to print strings
configure:3941: result: printf
configure:3975: checking whether make supports the include directive
configure:3990: make -f confmf.GNU && cat confinc.out
this is the am__doit target
configure:3993: $? = 0
configure:4012: result: yes (GNU style)
configure:4043: checking for armv7a-linux-androideabi-gcc
configure:4075: result: /home/zackmon/.ndk-pkg/core/wrapper-target-cc
configure:4473: checking for C compiler version
configure:4482: /home/zackmon/.ndk-pkg/core/wrapper-target-cc --version >&5
Android (11349228, +pgo, +bolt, +lto, -mlgo, based on r487747e) clang version 17.0.2 (https://android.googlesource.com/toolchain/llvm-project d9f89f4d16663d5012e5c09495f3b30ece3d2362)
Target: armv7a-unknown-linux-android21
Thread model: posix
InstalledDir: /home/zackmon/.ndk-pkg/uppm/installed/android-ndk-r26d/toolchains/llvm/prebuilt/linux-x86_64/bin
configure:4493: $? = 0
configure:4482: /home/zackmon/.ndk-pkg/core/wrapper-target-cc -v >&5
Android (11349228, +pgo, +bolt, +lto, -mlgo, based on r487747e) clang version 17.0.2 (https://android.googlesource.com/toolchain/llvm-project d9f89f4d16663d5012e5c09495f3b30ece3d2362)
Target: armv7a-unknown-linux-android21
Thread model: posix
InstalledDir: /home/zackmon/.ndk-pkg/uppm/installed/android-ndk-r26d/toolchains/llvm/prebuilt/linux-x86_64/bin
configure:4493: $? = 0
configure:4482: /home/zackmon/.ndk-pkg/core/wrapper-target-cc -V >&5
clang-17: error: unsupported option '-V --target=armv7a-linux-androideabi21'
clang-17: error: no input files
configure:4493: $? = 1
configure:4482: /home/zackmon/.ndk-pkg/core/wrapper-target-cc -qversion >&5
clang-17: error: unknown argument '-qversion'; did you mean '--version'?
clang-17: error: no input files
configure:4493: $? = 1
configure:4482: /home/zackmon/.ndk-pkg/core/wrapper-target-cc -version >&5
clang-17: error: unknown argument '-version'; did you mean '--version'?
clang-17: error: no input files
configure:4493: $? = 1
configure:4513: checking whether the C compiler works
configure:4535: /home/zackmon/.ndk-pkg/core/wrapper-target-cc -Qunused-arguments -fPIC -Wall -fno-common -Os -I/home/zackmon/.ndk-pkg/run/484146/android-21-armeabi-v7a/libspeexdsp/include -Qunused-arguments -include /home/zackmon/.ndk-pkg/run/484146/android-21-armeabi-v7a/libspeexdsp/include/ndk-pkg-common.h -DNDEBUG -L/home/zackmon/.ndk-pkg/run/484146/android-21-armeabi-v7a/libspeexdsp/lib -Wl,--as-needed -Wl,-z,muldefs -Wl,--allow-multiple-definition -flto -Wl,-s conftest.c -lm >&5
configure:4539: $? = 0
configure:4589: result: yes
configure:4592: checking for C compiler default output file name
configure:4594: result: a.out
configure:4600: checking for suffix of executables
configure:4607: /home/zackmon/.ndk-pkg/core/wrapper-target-cc -o conftest -Qunused-arguments -fPIC -Wall -fno-common -Os -I/home/zackmon/.ndk-pkg/run/484146/android-21-armeabi-v7a/libspeexdsp/include -Qunused-arguments -include /home/zackmon/.ndk-pkg/run/484146/android-21-armeabi-v7a/libspeexdsp/include/ndk-pkg-common.h -DNDEBUG -L/home/zackmon/.ndk-pkg/run/484146/android-21-armeabi-v7a/libspeexdsp/lib -Wl,--as-needed -Wl,-z,muldefs -Wl,--allow-multiple-definition -flto -Wl,-s conftest.c -lm >&5
configure:4611: $? = 0
configure:4634: result: 
configure:4656: checking whether we are cross compiling
configure:4664: /home/zackmon/.ndk-pkg/core/wrapper-target-cc -o conftest -Qunused-arguments -fPIC -Wall -fno-common -Os -I/home/zackmon/.ndk-pkg/run/484146/android-21-armeabi-v7a/libspeexdsp/include -Qunused-arguments -include /home/zackmon/.ndk-pkg/run/484146/android-21-armeabi-v7a/libspeexdsp/include/ndk-pkg-common.h -DNDEBUG -L/home/zackmon/.ndk-pkg/run/484146/android-21-armeabi-v7a/libspeexdsp/lib -Wl,--as-needed -Wl,-z,muldefs -Wl,--allow-multiple-definition -flto -Wl,-s conftest.c -lm >&5
configure:4668: $? = 0
configure:4675: ./conftest
/home/zackmon/.ndk-pkg/run/484146/android-21-armeabi-v7a/libspeexdsp/src/configure: line 4677: ./conftest: cannot execute binary file: Exec format error
configure:4679: $? = 126
configure:4694: result: yes
configure:4699: checking for suffix of object files
configure:4722: /home/zackmon/.ndk-pkg/core/wrapper-target-cc -c -Qunused-arguments -fPIC -Wall -fno-common -Os -I/home/zackmon/.ndk-pkg/run/484146/android-21-armeabi-v7a/libspeexdsp/include -Qunused-arguments -include /home/zackmon/.ndk-pkg/run/484146/android-21-armeabi-v7a/libspeexdsp/include/ndk-pkg-common.h -DNDEBUG conftest.c >&5
configure:4726: $? = 0
configure:4748: result: o
configure:4752: checking whether the compiler supports GNU C
configure:4772: /home/zackmon/.ndk-pkg/core/wrapper-target-cc -c -Qunused-arguments -fPIC -Wall -fno-common -Os -I/home/zackmon/.ndk-pkg/run/484146/android-21-armeabi-v7a/libspeexdsp/include -Qunused-arguments -include /home/zackmon/.ndk-pkg/run/484146/android-21-armeabi-v7a/libspeexdsp/include/ndk-pkg-common.h -DNDEBUG conftest.c >&5
configure:4772: $? = 0
configure:4782: result: yes
configure:4793: checking whether /home/zackmon/.ndk-pkg/core/wrapper-target-cc accepts -g
configure:4814: /home/zackmon/.ndk-pkg/core/wrapper-target-cc -c -g -I/home/zackmon/.ndk-pkg/run/484146/android-21-armeabi-v7a/libspeexdsp/include -Qunused-arguments -include /home/zackmon/.ndk-pkg/run/484146/android-21-armeabi-v7a/libspeexdsp/include/ndk-pkg-common.h -DNDEBUG conftest.c >&5
configure:4814: $? = 0
configure:4858: result: yes
configure:4878: checking for /home/zackmon/.ndk-pkg/core/wrapper-target-cc option to enable C11 features
configure:4893: /home/zackmon/.ndk-pkg/core/wrapper-target-cc  -c -Qunused-arguments -fPIC -Wall -fno-common -Os -I/home/zackmon/.ndk-pkg/run/484146/android-21-armeabi-v7a/libspeexdsp/include -Qunused-arguments -include /home/zackmon/.ndk-pkg/run/484146/android-21-armeabi-v7a/libspeexdsp/include/ndk-pkg-common.h -DNDEBUG conftest.c >&5
conftest.c:23:14: warning: a function definition without a prototype is deprecated in all versions of C and is not supported in C2x [-Wdeprecated-non-prototype]
static char *e (p, i)
             ^
1 warning generated.
configure:4893: $? = 0
configure:4911: result: none needed
configure:5027: checking whether /home/zackmon/.ndk-pkg/core/wrapper-target-cc understands -c and -o together
configure:5050: /home/zackmon/.ndk-pkg/core/wrapper-target-cc -c conftest.c -o conftest2.o
configure:5053: $? = 0
configure:5050: /home/zackmon/.ndk-pkg/core/wrapper-target-cc -c conftest.c -o conftest2.o
configure:5053: $? = 0
configure:5065: result: yes
configure:5084: checking dependency style of /home/zackmon/.ndk-pkg/core/wrapper-target-cc
configure:5196: result: gcc3
configure:5211: checking for a sed that does not truncate output
configure:5281: result: /home/zackmon/.ndk-pkg/uppm/installed/gsed/bin/sed
configure:5299: checking for grep that handles long lines and -e
configure:5363: result: /home/zackmon/.ndk-pkg/uppm/installed/grep/bin/grep
configure:5368: checking for egrep
configure:5436: result: /home/zackmon/.ndk-pkg/uppm/installed/grep/bin/grep -E
configure:5441: checking for fgrep
configure:5509: result: /home/zackmon/.ndk-pkg/uppm/installed/grep/bin/grep -F
configure:5545: checking for ld used by /home/zackmon/.ndk-pkg/core/wrapper-target-cc
configure:5613: result: /home/zackmon/.ndk-pkg/uppm/installed/android-ndk-r26d/toolchains/llvm/prebuilt/linux-x86_64/bin/ld.lld
configure:5620: checking if the linker (/home/zackmon/.ndk-pkg/uppm/installed/android-ndk-r26d/toolchains/llvm/prebuilt/linux-x86_64/bin/ld.lld) is GNU ld
configure:5636: result: yes
configure:5648: checking for BSD- or MS-compatible name lister (nm)
configure:5703: result: /home/zackmon/.ndk-pkg/uppm/installed/android-ndk-r26d/toolchains/llvm/prebuilt/linux-x86_64/bin/llvm-nm
configure:5843: checking the name lister (/home/zackmon/.ndk-pkg/uppm/installed/android-ndk-r26d/toolchains/llvm/prebuilt/linux-x86_64/bin/llvm-nm) interface
configure:5851: /home/zackmon/.ndk-pkg/core/wrapper-target-cc -c -Qunused-arguments -fPIC -Wall -fno-common -Os -I/home/zackmon/.ndk-pkg/run/484146/android-21-armeabi-v7a/libspeexdsp/include -Qunused-arguments -include /home/zackmon/.ndk-pkg/run/484146/android-21-armeabi-v7a/libspeexdsp/include/ndk-pkg-common.h -DNDEBUG conftest.c >&5
configure:5854: /home/zackmon/.ndk-pkg/uppm/installed/android-ndk-r26d/toolchains/llvm/prebuilt/linux-x86_64/bin/llvm-nm "conftest.o"
configure:5857: output
00000000 B some_variable
configure:5864: result: BSD nm
configure:5867: checking whether ln -s works
configure:5871: result: yes
configure:5879: checking the maximum length of command line arguments
configure:6011: result: 1572864
configure:6059: checking how to convert x86_64-pc-linux-gnu file names to armv7a-unknown-linux-androideabi format
configure:6100: result: func_convert_file_noop
configure:6107: checking how to convert x86_64-pc-linux-gnu file names to toolchain format
configure:6128: result: func_convert_file_noop
configure:6135: checking for /home/zackmon/.ndk-pkg/uppm/installed/android-ndk-r26d/toolchains/llvm/prebuilt/linux-x86_64/bin/ld.lld option to reload object files
configure:6143: result: -r
configure:6177: checking for armv7a-linux-androideabi-file
configure:6212: result: no
configure:6222: checking for file
configure:6243: found /usr/bin/file
configure:6254: result: file
configure:6266: WARNING: using cross tools not prefixed with host triplet
configure:6285: checking for armv7a-linux-androideabi-objdump
configure:6317: result: /home/zackmon/.ndk-pkg/uppm/installed/android-ndk-r26d/toolchains/llvm/prebuilt/linux-x86_64/bin/llvm-objdump
configure:6391: checking how to recognize dependent libraries
configure:6592: result: pass_all
configure:6637: checking for armv7a-linux-androideabi-dlltool
configure:6669: result: dlltool
configure:6744: checking how to associate runtime and link libraries
configure:6772: result: printf %s\n
configure:6789: checking for armv7a-linux-androideabi-ar
configure:6821: result: /home/zackmon/.ndk-pkg/uppm/installed/android-ndk-r26d/toolchains/llvm/prebuilt/linux-x86_64/bin/llvm-ar
configure:6923: checking for archiver @FILE support
configure:6941: /home/zackmon/.ndk-pkg/core/wrapper-target-cc -c -Qunused-arguments -fPIC -Wall -fno-common -Os -I/home/zackmon/.ndk-pkg/run/484146/android-21-armeabi-v7a/libspeexdsp/include -Qunused-arguments -include /home/zackmon/.ndk-pkg/run/484146/android-21-armeabi-v7a/libspeexdsp/include/ndk-pkg-common.h -DNDEBUG conftest.c >&5
configure:6941: $? = 0
configure:6945: /home/zackmon/.ndk-pkg/uppm/installed/android-ndk-r26d/toolchains/llvm/prebuilt/linux-x86_64/bin/llvm-ar cr libconftest.a @conftest.lst >&5
configure:6948: $? = 0
configure:6953: /home/zackmon/.ndk-pkg/uppm/installed/android-ndk-r26d/toolchains/llvm/prebuilt/linux-x86_64/bin/llvm-ar cr libconftest.a @conftest.lst >&5
/home/zackmon/.ndk-pkg/uppm/installed/android-ndk-r26d/toolchains/llvm/prebuilt/linux-x86_64/bin/llvm-ar: error: conftest.o: No such file or directory
configure:6956: $? = 1
configure:6968: result: @
configure:6986: checking for armv7a-linux-androideabi-strip
configure:7018: result: /home/zackmon/.ndk-pkg/uppm/installed/android-ndk-r26d/toolchains/llvm/prebuilt/linux-x86_64/bin/llvm-strip
configure:7095: checking for armv7a-linux-androideabi-ranlib
configure:7127: result: /home/zackmon/.ndk-pkg/uppm/installed/android-ndk-r26d/toolchains/llvm/prebuilt/linux-x86_64/bin/llvm-ranlib
configure:7274: checking command to parse /home/zackmon/.ndk-pkg/uppm/installed/android-ndk-r26d/toolchains/llvm/prebuilt/linux-x86_64/bin/llvm-nm output from /home/zackmon/.ndk-pkg/core/wrapper-target-cc object
configure:7428: /home/zackmon/.ndk-pkg/core/wrapper-target-cc -c -Qunused-arguments -fPIC -Wall -fno-common -Os -I/home/zackmon/.ndk-pkg/run/484146/android-21-armeabi-v7a/libspeexdsp/include -Qunused-arguments -include /home/zackmon/.ndk-pkg/run/484146/android-21-armeabi-v7a/libspeexdsp/include/ndk-pkg-common.h -DNDEBUG conftest.c >&5
configure:7431: $? = 0
configure:7435: /home/zackmon/.ndk-pkg/uppm/installed/android-ndk-r26d/toolchains/llvm/prebuilt/linux-x86_64/bin/llvm-nm conftest.o \| /home/zackmon/.ndk-pkg/uppm/installed/gsed/bin/sed -n -e 's/^.*[ ]\([ABCDGIRSTW][ABCDGIRSTW]*\)[ ][ ]*\([_A-Za-z][_A-Za-z0-9]*\)$/\1 \2 \2/p' | /home/zackmon/.ndk-pkg/uppm/installed/gsed/bin/sed '/ __gnu_lto/d' \> conftest.nm
configure:7438: $? = 0
configure:7504: /home/zackmon/.ndk-pkg/core/wrapper-target-cc -o conftest -Qunused-arguments -fPIC -Wall -fno-common -Os -I/home/zackmon/.ndk-pkg/run/484146/android-21-armeabi-v7a/libspeexdsp/include -Qunused-arguments -include /home/zackmon/.ndk-pkg/run/484146/android-21-armeabi-v7a/libspeexdsp/include/ndk-pkg-common.h -DNDEBUG -L/home/zackmon/.ndk-pkg/run/484146/android-21-armeabi-v7a/libspeexdsp/lib -Wl,--as-needed -Wl,-z,muldefs -Wl,--allow-multiple-definition -flto -Wl,-s conftest.c conftstm.o >&5
configure:7507: $? = 0
configure:7545: result: ok
configure:7592: checking for sysroot
configure:7623: result: no
configure:7630: checking for a working dd
configure:7674: result: /home/zackmon/.ndk-pkg/uppm/installed/coreutils/bin/dd
configure:7678: checking how to truncate binary pipes
configure:7694: result: /home/zackmon/.ndk-pkg/uppm/installed/coreutils/bin/dd bs=4096 count=1
configure:7986: checking for armv7a-linux-androideabi-mt
configure:8021: result: no
configure:8031: checking for mt
configure:8052: found /usr/bin/mt
configure:8063: result: mt
configure:8086: checking if mt is a manifest tool
configure:8093: mt '-?'
configure:8101: result: no
configure:8826: checking for stdio.h
configure:8826: /home/zackmon/.ndk-pkg/core/wrapper-target-cc -c -Qunused-arguments -fPIC -Wall -fno-common -Os -I/home/zackmon/.ndk-pkg/run/484146/android-21-armeabi-v7a/libspeexdsp/include -Qunused-arguments -include /home/zackmon/.ndk-pkg/run/484146/android-21-armeabi-v7a/libspeexdsp/include/ndk-pkg-common.h -DNDEBUG conftest.c >&5
configure:8826: $? = 0
configure:8826: result: yes
configure:8826: checking for stdlib.h
configure:8826: /home/zackmon/.ndk-pkg/core/wrapper-target-cc -c -Qunused-arguments -fPIC -Wall -fno-common -Os -I/home/zackmon/.ndk-pkg/run/484146/android-21-armeabi-v7a/libspeexdsp/include -Qunused-arguments -include /home/zackmon/.ndk-pkg/run/484146/android-21-armeabi-v7a/libspeexdsp/include/ndk-pkg-common.h -DNDEBUG conftest.c >&5
configure:8826: $? = 0
configure:8826: result: yes
configure:8826: checking for string.h
configure:8826: /home/zackmon/.ndk-pkg/core/wrapper-target-cc -c -Qunused-arguments -fPIC -Wall -fno-common -Os -I/home/zackmon/.ndk-pkg/run/484146/android-21-armeabi-v7a/libspeexdsp/include -Qunused-arguments -include /home/zackmon/.ndk-pkg/run/484146/android-21-armeabi-v7a/libspeexdsp/include/ndk-pkg-common.h -DNDEBUG conftest.c >&5
configure:8826: $? = 0
configure:8826: result: yes
configure:8826: checking for inttypes.h
configure:8826: /home/zackmon/.ndk-pkg/core/wrapper-target-cc -c -Qunused-arguments -fPIC -Wall -fno-common -Os -I/home/zackmon/.ndk-pkg/run/484146/android-21-armeabi-v7a/libspeexdsp/include -Qunused-arguments -include /home/zackmon/.ndk-pkg/run/484146/android-21-armeabi-v7a/libspeexdsp/include/ndk-pkg-common.h -DNDEBUG conftest.c >&5
configure:8826: $? = 0
configure:8826: result: yes
configure:8826: checking for stdint.h
configure:8826: /home/zackmon/.ndk-pkg/core/wrapper-target-cc -c -Qunused-arguments -fPIC -Wall -fno-common -Os -I/home/zackmon/.ndk-pkg/run/484146/android-21-armeabi-v7a/libspeexdsp/include -Qunused-arguments -include /home/zackmon/.ndk-pkg/run/484146/android-21-armeabi-v7a/libspeexdsp/include/ndk-pkg-common.h -DNDEBUG conftest.c >&5
configure:8826: $? = 0
configure:8826: result: yes
configure:8826: checking for strings.h
configure:8826: /home/zackmon/.ndk-pkg/core/wrapper-target-cc -c -Qunused-arguments -fPIC -Wall -fno-common -Os -I/home/zackmon/.ndk-pkg/run/484146/android-21-armeabi-v7a/libspeexdsp/include -Qunused-arguments -include /home/zackmon/.ndk-pkg/run/484146/android-21-armeabi-v7a/libspeexdsp/include/ndk-pkg-common.h -DNDEBUG conftest.c >&5
configure:8826: $? = 0
configure:8826: result: yes
configure:8826: checking for sys/stat.h
configure:8826: /home/zackmon/.ndk-pkg/core/wrapper-target-cc -c -Qunused-arguments -fPIC -Wall -fno-common -Os -I/home/zackmon/.ndk-pkg/run/484146/android-21-armeabi-v7a/libspeexdsp/include -Qunused-arguments -include /home/zackmon/.ndk-pkg/run/484146/android-21-armeabi-v7a/libspeexdsp/include/ndk-pkg-common.h -DNDEBUG conftest.c >&5
configure:8826: $? = 0
configure:8826: result: yes
configure:8826: checking for sys/types.h
configure:8826: /home/zackmon/.ndk-pkg/core/wrapper-target-cc -c -Qunused-arguments -fPIC -Wall -fno-common -Os -I/home/zackmon/.ndk-pkg/run/484146/android-21-armeabi-v7a/libspeexdsp/include -Qunused-arguments -include /home/zackmon/.ndk-pkg/run/484146/android-21-armeabi-v7a/libspeexdsp/include/ndk-pkg-common.h -DNDEBUG conftest.c >&5
configure:8826: $? = 0
configure:8826: result: yes
configure:8826: checking for unistd.h
configure:8826: /home/zackmon/.ndk-pkg/core/wrapper-target-cc -c -Qunused-arguments -fPIC -Wall -fno-common -Os -I/home/zackmon/.ndk-pkg/run/484146/android-21-armeabi-v7a/libspeexdsp/include -Qunused-arguments -include /home/zackmon/.ndk-pkg/run/484146/android-21-armeabi-v7a/libspeexdsp/include/ndk-pkg-common.h -DNDEBUG conftest.c >&5
configure:8826: $? = 0
configure:8826: result: yes
configure:8851: checking for dlfcn.h
configure:8851: /home/zackmon/.ndk-pkg/core/wrapper-target-cc -c -Qunused-arguments -fPIC -Wall -fno-common -Os -I/home/zackmon/.ndk-pkg/run/484146/android-21-armeabi-v7a/libspeexdsp/include -Qunused-arguments -include /home/zackmon/.ndk-pkg/run/484146/android-21-armeabi-v7a/libspeexdsp/include/ndk-pkg-common.h -DNDEBUG conftest.c >&5
configure:8851: $? = 0
configure:8851: result: yes
configure:9108: checking for objdir
configure:9124: result: .libs
configure:9388: checking if /home/zackmon/.ndk-pkg/core/wrapper-target-cc supports -fno-rtti -fno-exceptions
configure:9407: /home/zackmon/.ndk-pkg/core/wrapper-target-cc -c -Qunused-arguments -fPIC -Wall -fno-common -Os -I/home/zackmon/.ndk-pkg/run/484146/android-21-armeabi-v7a/libspeexdsp/include -Qunused-arguments -include /home/zackmon/.ndk-pkg/run/484146/android-21-armeabi-v7a/libspeexdsp/include/ndk-pkg-common.h -DNDEBUG -fno-rtti -fno-exceptions conftest.c >&5
configure:9411: $? = 0
configure:9424: result: yes
configure:9782: checking for /home/zackmon/.ndk-pkg/core/wrapper-target-cc option to produce PIC
configure:9790: result: -fPIC -DPIC
configure:9798: checking if /home/zackmon/.ndk-pkg/core/wrapper-target-cc PIC flag -fPIC -DPIC works
configure:9817: /home/zackmon/.ndk-pkg/core/wrapper-target-cc -c -Qunused-arguments -fPIC -Wall -fno-common -Os -I/home/zackmon/.ndk-pkg/run/484146/android-21-armeabi-v7a/libspeexdsp/include -Qunused-arguments -include /home/zackmon/.ndk-pkg/run/484146/android-21-armeabi-v7a/libspeexdsp/include/ndk-pkg-common.h -DNDEBUG -fPIC -DPIC -DPIC conftest.c >&5
configure:9821: $? = 0
configure:9834: result: yes
configure:9863: checking if /home/zackmon/.ndk-pkg/core/wrapper-target-cc static flag -static works
filename=ndk-pkg-common.h
configure:9892: result: no
configure:9907: checking if /home/zackmon/.ndk-pkg/core/wrapper-target-cc supports -c -o file.o
configure:9929: /home/zackmon/.ndk-pkg/core/wrapper-target-cc -c -Qunused-arguments -fPIC -Wall -fno-common -Os -I/home/zackmon/.ndk-pkg/run/484146/android-21-armeabi-v7a/libspeexdsp/include -Qunused-arguments -include /home/zackmon/.ndk-pkg/run/484146/android-21-armeabi-v7a/libspeexdsp/include/ndk-pkg-common.h -DNDEBUG -o out/conftest2.o conftest.c >&5
configure:9933: $? = 0
configure:9955: result: yes
configure:9963: checking if /home/zackmon/.ndk-pkg/core/wrapper-target-cc supports -c -o file.o
configure:10011: result: yes
configure:10044: checking whether the /home/zackmon/.ndk-pkg/core/wrapper-target-cc linker (/home/zackmon/.ndk-pkg/uppm/installed/android-ndk-r26d/toolchains/llvm/prebuilt/linux-x86_64/bin/ld.lld) supports shared libraries
configure:11312: result: yes
configure:11349: checking whether -lc should be explicitly linked in
configure:11358: /home/zackmon/.ndk-pkg/core/wrapper-target-cc -c -Qunused-arguments -fPIC -Wall -fno-common -Os -I/home/zackmon/.ndk-pkg/run/484146/android-21-armeabi-v7a/libspeexdsp/include -Qunused-arguments -include /home/zackmon/.ndk-pkg/run/484146/android-21-armeabi-v7a/libspeexdsp/include/ndk-pkg-common.h -DNDEBUG conftest.c >&5
configure:11361: $? = 0
configure:11376: /home/zackmon/.ndk-pkg/core/wrapper-target-cc -shared  -fPIC -DPIC conftest.o  -v -Wl,-soname -Wl,conftest -o conftest 2\>\&1 \| /home/zackmon/.ndk-pkg/uppm/installed/grep/bin/grep  -lc  \>/dev/null 2\>\&1
configure:11379: $? = 0
configure:11393: result: no
configure:11553: checking dynamic linker characteristics
configure:12374: result: Android linker
configure:12496: checking how to hardcode library paths into programs
configure:12521: result: immediate
configure:13073: checking whether stripping libraries is possible
configure:13082: result: yes
configure:13124: checking if libtool supports shared libraries
configure:13126: result: yes
configure:13129: checking whether to build shared libraries
configure:13154: result: yes
configure:13157: checking whether to build static libraries
configure:13161: result: yes
configure:13199: checking whether byte ordering is bigendian
configure:13215: /home/zackmon/.ndk-pkg/core/wrapper-target-cc -c -Qunused-arguments -fPIC -Wall -fno-common -Os -I/home/zackmon/.ndk-pkg/run/484146/android-21-armeabi-v7a/libspeexdsp/include -Qunused-arguments -include /home/zackmon/.ndk-pkg/run/484146/android-21-armeabi-v7a/libspeexdsp/include/ndk-pkg-common.h -DNDEBUG conftest.c >&5
conftest.c:22:9: error: unknown type name 'not'
               not a universal capable compiler
               ^
conftest.c:22:14: error: expected ';' after top level declarator
               not a universal capable compiler
                    ^
                    ;
2 errors generated.
configure:13215: $? = 1
configure: failed program was:
| /* confdefs.h */
| #define PACKAGE_NAME "speexdsp"
| #define PACKAGE_TARNAME "speexdsp"
| #define PACKAGE_VERSION "1.2.1"
| #define PACKAGE_STRING "speexdsp 1.2.1"
| #define PACKAGE_BUGREPORT "speex-dev@xiph.org"
| #define PACKAGE_URL ""
| #define HAVE_STDIO_H 1
| #define HAVE_STDLIB_H 1
| #define HAVE_STRING_H 1
| #define HAVE_INTTYPES_H 1
| #define HAVE_STDINT_H 1
| #define HAVE_STRINGS_H 1
| #define HAVE_SYS_STAT_H 1
| #define HAVE_SYS_TYPES_H 1
| #define HAVE_UNISTD_H 1
| #define STDC_HEADERS 1
| #define HAVE_DLFCN_H 1
| #define LT_OBJDIR ".libs/"
| /* end confdefs.h.  */
| #ifndef __APPLE_CC__
| 	       not a universal capable compiler
| 	     #endif
| 	     typedef int dummy;
| 
configure:13261: /home/zackmon/.ndk-pkg/core/wrapper-target-cc -c -Qunused-arguments -fPIC -Wall -fno-common -Os -I/home/zackmon/.ndk-pkg/run/484146/android-21-armeabi-v7a/libspeexdsp/include -Qunused-arguments -include /home/zackmon/.ndk-pkg/run/484146/android-21-armeabi-v7a/libspeexdsp/include/ndk-pkg-common.h -DNDEBUG conftest.c >&5
configure:13261: $? = 0
configure:13280: /home/zackmon/.ndk-pkg/core/wrapper-target-cc -c -Qunused-arguments -fPIC -Wall -fno-common -Os -I/home/zackmon/.ndk-pkg/run/484146/android-21-armeabi-v7a/libspeexdsp/include -Qunused-arguments -include /home/zackmon/.ndk-pkg/run/484146/android-21-armeabi-v7a/libspeexdsp/include/ndk-pkg-common.h -DNDEBUG conftest.c >&5
conftest.c:28:4: error: use of undeclared identifier 'not'
                 not big endian
                 ^
1 error generated.
configure:13280: $? = 1
configure: failed program was:
| /* confdefs.h */
| #define PACKAGE_NAME "speexdsp"
| #define PACKAGE_TARNAME "speexdsp"
| #define PACKAGE_VERSION "1.2.1"
| #define PACKAGE_STRING "speexdsp 1.2.1"
| #define PACKAGE_BUGREPORT "speex-dev@xiph.org"
| #define PACKAGE_URL ""
| #define HAVE_STDIO_H 1
| #define HAVE_STDLIB_H 1
| #define HAVE_STRING_H 1
| #define HAVE_INTTYPES_H 1
| #define HAVE_STDINT_H 1
| #define HAVE_STRINGS_H 1
| #define HAVE_SYS_STAT_H 1
| #define HAVE_SYS_TYPES_H 1
| #define HAVE_UNISTD_H 1
| #define STDC_HEADERS 1
| #define HAVE_DLFCN_H 1
| #define LT_OBJDIR ".libs/"
| /* end confdefs.h.  */
| #include <sys/types.h>
| 		#include <sys/param.h>
| 
| int
| main (void)
| {
| #if BYTE_ORDER != BIG_ENDIAN
| 		 not big endian
| 		#endif
| 
|   ;
|   return 0;
| }
configure:13414: result: no
configure:13432: checking for an ANSI C-conforming const
configure:13499: /home/zackmon/.ndk-pkg/core/wrapper-target-cc -c -Qunused-arguments -fPIC -Wall -fno-common -Os -I/home/zackmon/.ndk-pkg/run/484146/android-21-armeabi-v7a/libspeexdsp/include -Qunused-arguments -include /home/zackmon/.ndk-pkg/run/484146/android-21-armeabi-v7a/libspeexdsp/include/ndk-pkg-common.h -DNDEBUG conftest.c >&5
conftest.c:56:16: warning: variable 'foo' set but not used [-Wunused-but-set-variable]
    const int *foo = &x[0];
               ^
conftest.c:61:10: warning: variable 'p' set but not used [-Wunused-but-set-variable]
    iptr p = 0;
         ^
2 warnings generated.
configure:13499: $? = 0
configure:13507: result: yes
configure:13515: checking for inline
configure:13532: /home/zackmon/.ndk-pkg/core/wrapper-target-cc -c -Qunused-arguments -fPIC -Wall -fno-common -Os -I/home/zackmon/.ndk-pkg/run/484146/android-21-armeabi-v7a/libspeexdsp/include -Qunused-arguments -include /home/zackmon/.ndk-pkg/run/484146/android-21-armeabi-v7a/libspeexdsp/include/ndk-pkg-common.h -DNDEBUG conftest.c >&5
conftest.c:23:21: warning: unused function 'static_foo' [-Wunused-function]
static inline foo_t static_foo (void) {return 0; }
                    ^
1 warning generated.
configure:13532: $? = 0
configure:13541: result: inline
configure:13559: checking for C/C++ restrict keyword
configure:13589: /home/zackmon/.ndk-pkg/core/wrapper-target-cc -c -Qunused-arguments -fPIC -Wall -fno-common -Os -I/home/zackmon/.ndk-pkg/run/484146/android-21-armeabi-v7a/libspeexdsp/include -Qunused-arguments -include /home/zackmon/.ndk-pkg/run/484146/android-21-armeabi-v7a/libspeexdsp/include/ndk-pkg-common.h -DNDEBUG conftest.c >&5
configure:13589: $? = 0
configure:13598: result: __restrict__
configure:13611: checking for C99 variable-size arrays
configure:13628: /home/zackmon/.ndk-pkg/core/wrapper-target-cc -c -Qunused-arguments -fPIC -Wall -fno-common -Os -I/home/zackmon/.ndk-pkg/run/484146/android-21-armeabi-v7a/libspeexdsp/include -Qunused-arguments -include /home/zackmon/.ndk-pkg/run/484146/android-21-armeabi-v7a/libspeexdsp/include/ndk-pkg-common.h -DNDEBUG conftest.c >&5
conftest.c:29:5: warning: unused variable 'array' [-Wunused-variable]
int array[foo];
    ^
1 warning generated.
configure:13628: $? = 0
configure:13639: result: yes
configure:13642: checking for SSE in current arch/CFLAGS
configure:13661: /home/zackmon/.ndk-pkg/core/wrapper-target-cc -o conftest -Qunused-arguments -fPIC -Wall -fno-common -Os -I/home/zackmon/.ndk-pkg/run/484146/android-21-armeabi-v7a/libspeexdsp/include -Qunused-arguments -include /home/zackmon/.ndk-pkg/run/484146/android-21-armeabi-v7a/libspeexdsp/include/ndk-pkg-common.h -DNDEBUG -L/home/zackmon/.ndk-pkg/run/484146/android-21-armeabi-v7a/libspeexdsp/lib -Wl,--as-needed -Wl,-z,muldefs -Wl,--allow-multiple-definition -flto -Wl,-s conftest.c -lm >&5
In file included from conftest.c:25:
/home/zackmon/.ndk-pkg/uppm/installed/android-ndk-r26d/toolchains/llvm/prebuilt/linux-x86_64/lib/clang/17/include/xmmintrin.h:14:2: error: "This header is only meant to be used on x86 and x64 architecture"
#error "This header is only meant to be used on x86 and x64 architecture"
 ^
In file included from conftest.c:25:
In file included from /home/zackmon/.ndk-pkg/uppm/installed/android-ndk-r26d/toolchains/llvm/prebuilt/linux-x86_64/lib/clang/17/include/xmmintrin.h:17:
/home/zackmon/.ndk-pkg/uppm/installed/android-ndk-r26d/toolchains/llvm/prebuilt/linux-x86_64/lib/clang/17/include/mmintrin.h:14:2: error: "This header is only meant to be used on x86 and x64 architecture"
#error "This header is only meant to be used on x86 and x64 architecture"
 ^
/home/zackmon/.ndk-pkg/uppm/installed/android-ndk-r26d/toolchains/llvm/prebuilt/linux-x86_64/lib/clang/17/include/mmintrin.h:54:12: error: invalid conversion between vector type '__m64' (vector of 1 'long long' value) and integer type 'int' of different size
    return (__m64)__builtin_ia32_vec_init_v2si(__i, 0);
           ^~~~~~~~~~~~~~~~~~~~~~~~~~~~~~~~~~~~~~~~~~~
/home/zackmon/.ndk-pkg/uppm/installed/android-ndk-r26d/toolchains/llvm/prebuilt/linux-x86_64/lib/clang/17/include/mmintrin.h:133:12: error: invalid conversion between vector type '__m64' (vector of 1 'long long' value) and integer type 'int' of different size
    return (__m64)__builtin_ia32_packsswb((__v4hi)__m1, (__v4hi)__m2);
           ^~~~~~~~~~~~~~~~~~~~~~~~~~~~~~~~~~~~~~~~~~~~~~~~~~~~~~~~~~
/home/zackmon/.ndk-pkg/uppm/installed/android-ndk-r26d/toolchains/llvm/prebuilt/linux-x86_64/lib/clang/17/include/mmintrin.h:163:12: error: invalid conversion between vector type '__m64' (vector of 1 'long long' value) and integer type 'int' of different size
    return (__m64)__builtin_ia32_packssdw((__v2si)__m1, (__v2si)__m2);
           ^~~~~~~~~~~~~~~~~~~~~~~~~~~~~~~~~~~~~~~~~~~~~~~~~~~~~~~~~~
/home/zackmon/.ndk-pkg/uppm/installed/android-ndk-r26d/toolchains/llvm/prebuilt/linux-x86_64/lib/clang/17/include/mmintrin.h:193:12: error: invalid conversion between vector type '__m64' (vector of 1 'long long' value) and integer type 'int' of different size
    return (__m64)__builtin_ia32_packuswb((__v4hi)__m1, (__v4hi)__m2);
           ^~~~~~~~~~~~~~~~~~~~~~~~~~~~~~~~~~~~~~~~~~~~~~~~~~~~~~~~~~
/home/zackmon/.ndk-pkg/uppm/installed/android-ndk-r26d/toolchains/llvm/prebuilt/linux-x86_64/lib/clang/17/include/mmintrin.h:220:12: error: invalid conversion between vector type '__m64' (vector of 1 'long long' value) and integer type 'int' of different size
    return (__m64)__builtin_ia32_punpckhbw((__v8qi)__m1, (__v8qi)__m2);
           ^~~~~~~~~~~~~~~~~~~~~~~~~~~~~~~~~~~~~~~~~~~~~~~~~~~~~~~~~~~
/home/zackmon/.ndk-pkg/uppm/installed/android-ndk-r26d/toolchains/llvm/prebuilt/linux-x86_64/lib/clang/17/include/mmintrin.h:243:12: error: invalid conversion between vector type '__m64' (vector of 1 'long long' value) and integer type 'int' of different size
    return (__m64)__builtin_ia32_punpckhwd((__v4hi)__m1, (__v4hi)__m2);
           ^~~~~~~~~~~~~~~~~~~~~~~~~~~~~~~~~~~~~~~~~~~~~~~~~~~~~~~~~~~
/home/zackmon/.ndk-pkg/uppm/installed/android-ndk-r26d/toolchains/llvm/prebuilt/linux-x86_64/lib/clang/17/include/mmintrin.h:264:12: error: invalid conversion between vector type '__m64' (vector of 1 'long long' value) and integer type 'int' of different size
    return (__m64)__builtin_ia32_punpckhdq((__v2si)__m1, (__v2si)__m2);
           ^~~~~~~~~~~~~~~~~~~~~~~~~~~~~~~~~~~~~~~~~~~~~~~~~~~~~~~~~~~
/home/zackmon/.ndk-pkg/uppm/installed/android-ndk-r26d/toolchains/llvm/prebuilt/linux-x86_64/lib/clang/17/include/mmintrin.h:291:12: error: invalid conversion between vector type '__m64' (vector of 1 'long long' value) and integer type 'int' of different size
    return (__m64)__builtin_ia32_punpcklbw((__v8qi)__m1, (__v8qi)__m2);
           ^~~~~~~~~~~~~~~~~~~~~~~~~~~~~~~~~~~~~~~~~~~~~~~~~~~~~~~~~~~
/home/zackmon/.ndk-pkg/uppm/installed/android-ndk-r26d/toolchains/llvm/prebuilt/linux-x86_64/lib/clang/17/include/mmintrin.h:314:12: error: invalid conversion between vector type '__m64' (vector of 1 'long long' value) and integer type 'int' of different size
    return (__m64)__builtin_ia32_punpcklwd((__v4hi)__m1, (__v4hi)__m2);
           ^~~~~~~~~~~~~~~~~~~~~~~~~~~~~~~~~~~~~~~~~~~~~~~~~~~~~~~~~~~
/home/zackmon/.ndk-pkg/uppm/installed/android-ndk-r26d/toolchains/llvm/prebuilt/linux-x86_64/lib/clang/17/include/mmintrin.h:335:12: error: invalid conversion between vector type '__m64' (vector of 1 'long long' value) and integer type 'int' of different size
    return (__m64)__builtin_ia32_punpckldq((__v2si)__m1, (__v2si)__m2);
           ^~~~~~~~~~~~~~~~~~~~~~~~~~~~~~~~~~~~~~~~~~~~~~~~~~~~~~~~~~~
/home/zackmon/.ndk-pkg/uppm/installed/android-ndk-r26d/toolchains/llvm/prebuilt/linux-x86_64/lib/clang/17/include/mmintrin.h:356:12: error: invalid conversion between vector type '__m64' (vector of 1 'long long' value) and integer type 'int' of different size
    return (__m64)__builtin_ia32_paddb((__v8qi)__m1, (__v8qi)__m2);
           ^~~~~~~~~~~~~~~~~~~~~~~~~~~~~~~~~~~~~~~~~~~~~~~~~~~~~~~
/home/zackmon/.ndk-pkg/uppm/installed/android-ndk-r26d/toolchains/llvm/prebuilt/linux-x86_64/lib/clang/17/include/mmintrin.h:377:12: error: invalid conversion between vector type '__m64' (vector of 1 'long long' value) and integer type 'int' of different size
    return (__m64)__builtin_ia32_paddw((__v4hi)__m1, (__v4hi)__m2);
           ^~~~~~~~~~~~~~~~~~~~~~~~~~~~~~~~~~~~~~~~~~~~~~~~~~~~~~~
/home/zackmon/.ndk-pkg/uppm/installed/android-ndk-r26d/toolchains/llvm/prebuilt/linux-x86_64/lib/clang/17/include/mmintrin.h:398:12: error: invalid conversion between vector type '__m64' (vector of 1 'long long' value) and integer type 'int' of different size
    return (__m64)__builtin_ia32_paddd((__v2si)__m1, (__v2si)__m2);
           ^~~~~~~~~~~~~~~~~~~~~~~~~~~~~~~~~~~~~~~~~~~~~~~~~~~~~~~
/home/zackmon/.ndk-pkg/uppm/installed/android-ndk-r26d/toolchains/llvm/prebuilt/linux-x86_64/lib/clang/17/include/mmintrin.h:420:12: error: invalid conversion between vector type '__m64' (vector of 1 'long long' value) and integer type 'int' of different size
    return (__m64)__builtin_ia32_paddsb((__v8qi)__m1, (__v8qi)__m2);
           ^~~~~~~~~~~~~~~~~~~~~~~~~~~~~~~~~~~~~~~~~~~~~~~~~~~~~~~~
/home/zackmon/.ndk-pkg/uppm/installed/android-ndk-r26d/toolchains/llvm/prebuilt/linux-x86_64/lib/clang/17/include/mmintrin.h:443:12: error: invalid conversion between vector type '__m64' (vector of 1 'long long' value) and integer type 'int' of different size
    return (__m64)__builtin_ia32_paddsw((__v4hi)__m1, (__v4hi)__m2);
           ^~~~~~~~~~~~~~~~~~~~~~~~~~~~~~~~~~~~~~~~~~~~~~~~~~~~~~~~
/home/zackmon/.ndk-pkg/uppm/installed/android-ndk-r26d/toolchains/llvm/prebuilt/linux-x86_64/lib/clang/17/include/mmintrin.h:465:12: error: invalid conversion between vector type '__m64' (vector of 1 'long long' value) and integer type 'int' of different size
    return (__m64)__builtin_ia32_paddusb((__v8qi)__m1, (__v8qi)__m2);
           ^~~~~~~~~~~~~~~~~~~~~~~~~~~~~~~~~~~~~~~~~~~~~~~~~~~~~~~~~
/home/zackmon/.ndk-pkg/uppm/installed/android-ndk-r26d/toolchains/llvm/prebuilt/linux-x86_64/lib/clang/17/include/mmintrin.h:487:12: error: invalid conversion between vector type '__m64' (vector of 1 'long long' value) and integer type 'int' of different size
    return (__m64)__builtin_ia32_paddusw((__v4hi)__m1, (__v4hi)__m2);
           ^~~~~~~~~~~~~~~~~~~~~~~~~~~~~~~~~~~~~~~~~~~~~~~~~~~~~~~~~
fatal error: too many errors emitted, stopping now [-ferror-limit=]
20 errors generated.
configure:13661: $? = 1
configure: failed program was:
| /* confdefs.h */
| #define PACKAGE_NAME "speexdsp"
| #define PACKAGE_TARNAME "speexdsp"
| #define PACKAGE_VERSION "1.2.1"
| #define PACKAGE_STRING "speexdsp 1.2.1"
| #define PACKAGE_BUGREPORT "speex-dev@xiph.org"
| #define PACKAGE_URL ""
| #define HAVE_STDIO_H 1
| #define HAVE_STDLIB_H 1
| #define HAVE_STRING_H 1
| #define HAVE_INTTYPES_H 1
| #define HAVE_STDINT_H 1
| #define HAVE_STRINGS_H 1
| #define HAVE_SYS_STAT_H 1
| #define HAVE_SYS_TYPES_H 1
| #define HAVE_UNISTD_H 1
| #define STDC_HEADERS 1
| #define HAVE_DLFCN_H 1
| #define LT_OBJDIR ".libs/"
| #define restrict __restrict__
| #define VAR_ARRAYS /**/
| /* end confdefs.h.  */
| 
| 
| #include <xmmintrin.h>
| __m128 testfunc(float *a, float *b) {
|   return _mm_add_ps(_mm_loadu_ps(a), _mm_loadu_ps(b));
| }
| 
| int
| main (void)
| {
| 
|   ;
|   return 0;
| }
configure:13674: result: no
configure:13677: checking for SSE2 in current arch/CFLAGS
configure:13696: /home/zackmon/.ndk-pkg/core/wrapper-target-cc -o conftest -Qunused-arguments -fPIC -Wall -fno-common -Os -I/home/zackmon/.ndk-pkg/run/484146/android-21-armeabi-v7a/libspeexdsp/include -Qunused-arguments -include /home/zackmon/.ndk-pkg/run/484146/android-21-armeabi-v7a/libspeexdsp/include/ndk-pkg-common.h -DNDEBUG -L/home/zackmon/.ndk-pkg/run/484146/android-21-armeabi-v7a/libspeexdsp/lib -Wl,--as-needed -Wl,-z,muldefs -Wl,--allow-multiple-definition -flto -Wl,-s conftest.c -lm >&5
In file included from conftest.c:25:
/home/zackmon/.ndk-pkg/uppm/installed/android-ndk-r26d/toolchains/llvm/prebuilt/linux-x86_64/lib/clang/17/include/emmintrin.h:14:2: error: "This header is only meant to be used on x86 and x64 architecture"
#error "This header is only meant to be used on x86 and x64 architecture"
 ^
In file included from conftest.c:25:
In file included from /home/zackmon/.ndk-pkg/uppm/installed/android-ndk-r26d/toolchains/llvm/prebuilt/linux-x86_64/lib/clang/17/include/emmintrin.h:17:
/home/zackmon/.ndk-pkg/uppm/installed/android-ndk-r26d/toolchains/llvm/prebuilt/linux-x86_64/lib/clang/17/include/xmmintrin.h:14:2: error: "This header is only meant to be used on x86 and x64 architecture"
#error "This header is only meant to be used on x86 and x64 architecture"
 ^
In file included from conftest.c:25:
In file included from /home/zackmon/.ndk-pkg/uppm/installed/android-ndk-r26d/toolchains/llvm/prebuilt/linux-x86_64/lib/clang/17/include/emmintrin.h:17:
In file included from /home/zackmon/.ndk-pkg/uppm/installed/android-ndk-r26d/toolchains/llvm/prebuilt/linux-x86_64/lib/clang/17/include/xmmintrin.h:17:
/home/zackmon/.ndk-pkg/uppm/installed/android-ndk-r26d/toolchains/llvm/prebuilt/linux-x86_64/lib/clang/17/include/mmintrin.h:14:2: error: "This header is only meant to be used on x86 and x64 architecture"
#error "This header is only meant to be used on x86 and x64 architecture"
 ^
/home/zackmon/.ndk-pkg/uppm/installed/android-ndk-r26d/toolchains/llvm/prebuilt/linux-x86_64/lib/clang/17/include/mmintrin.h:54:12: error: invalid conversion between vector type '__m64' (vector of 1 'long long' value) and integer type 'int' of different size
    return (__m64)__builtin_ia32_vec_init_v2si(__i, 0);
           ^~~~~~~~~~~~~~~~~~~~~~~~~~~~~~~~~~~~~~~~~~~
/home/zackmon/.ndk-pkg/uppm/installed/android-ndk-r26d/toolchains/llvm/prebuilt/linux-x86_64/lib/clang/17/include/mmintrin.h:133:12: error: invalid conversion between vector type '__m64' (vector of 1 'long long' value) and integer type 'int' of different size
    return (__m64)__builtin_ia32_packsswb((__v4hi)__m1, (__v4hi)__m2);
           ^~~~~~~~~~~~~~~~~~~~~~~~~~~~~~~~~~~~~~~~~~~~~~~~~~~~~~~~~~
/home/zackmon/.ndk-pkg/uppm/installed/android-ndk-r26d/toolchains/llvm/prebuilt/linux-x86_64/lib/clang/17/include/mmintrin.h:163:12: error: invalid conversion between vector type '__m64' (vector of 1 'long long' value) and integer type 'int' of different size
    return (__m64)__builtin_ia32_packssdw((__v2si)__m1, (__v2si)__m2);
           ^~~~~~~~~~~~~~~~~~~~~~~~~~~~~~~~~~~~~~~~~~~~~~~~~~~~~~~~~~
/home/zackmon/.ndk-pkg/uppm/installed/android-ndk-r26d/toolchains/llvm/prebuilt/linux-x86_64/lib/clang/17/include/mmintrin.h:193:12: error: invalid conversion between vector type '__m64' (vector of 1 'long long' value) and integer type 'int' of different size
    return (__m64)__builtin_ia32_packuswb((__v4hi)__m1, (__v4hi)__m2);
           ^~~~~~~~~~~~~~~~~~~~~~~~~~~~~~~~~~~~~~~~~~~~~~~~~~~~~~~~~~
/home/zackmon/.ndk-pkg/uppm/installed/android-ndk-r26d/toolchains/llvm/prebuilt/linux-x86_64/lib/clang/17/include/mmintrin.h:220:12: error: invalid conversion between vector type '__m64' (vector of 1 'long long' value) and integer type 'int' of different size
    return (__m64)__builtin_ia32_punpckhbw((__v8qi)__m1, (__v8qi)__m2);
           ^~~~~~~~~~~~~~~~~~~~~~~~~~~~~~~~~~~~~~~~~~~~~~~~~~~~~~~~~~~
/home/zackmon/.ndk-pkg/uppm/installed/android-ndk-r26d/toolchains/llvm/prebuilt/linux-x86_64/lib/clang/17/include/mmintrin.h:243:12: error: invalid conversion between vector type '__m64' (vector of 1 'long long' value) and integer type 'int' of different size
    return (__m64)__builtin_ia32_punpckhwd((__v4hi)__m1, (__v4hi)__m2);
           ^~~~~~~~~~~~~~~~~~~~~~~~~~~~~~~~~~~~~~~~~~~~~~~~~~~~~~~~~~~
/home/zackmon/.ndk-pkg/uppm/installed/android-ndk-r26d/toolchains/llvm/prebuilt/linux-x86_64/lib/clang/17/include/mmintrin.h:264:12: error: invalid conversion between vector type '__m64' (vector of 1 'long long' value) and integer type 'int' of different size
    return (__m64)__builtin_ia32_punpckhdq((__v2si)__m1, (__v2si)__m2);
           ^~~~~~~~~~~~~~~~~~~~~~~~~~~~~~~~~~~~~~~~~~~~~~~~~~~~~~~~~~~
/home/zackmon/.ndk-pkg/uppm/installed/android-ndk-r26d/toolchains/llvm/prebuilt/linux-x86_64/lib/clang/17/include/mmintrin.h:291:12: error: invalid conversion between vector type '__m64' (vector of 1 'long long' value) and integer type 'int' of different size
    return (__m64)__builtin_ia32_punpcklbw((__v8qi)__m1, (__v8qi)__m2);
           ^~~~~~~~~~~~~~~~~~~~~~~~~~~~~~~~~~~~~~~~~~~~~~~~~~~~~~~~~~~
/home/zackmon/.ndk-pkg/uppm/installed/android-ndk-r26d/toolchains/llvm/prebuilt/linux-x86_64/lib/clang/17/include/mmintrin.h:314:12: error: invalid conversion between vector type '__m64' (vector of 1 'long long' value) and integer type 'int' of different size
    return (__m64)__builtin_ia32_punpcklwd((__v4hi)__m1, (__v4hi)__m2);
           ^~~~~~~~~~~~~~~~~~~~~~~~~~~~~~~~~~~~~~~~~~~~~~~~~~~~~~~~~~~
/home/zackmon/.ndk-pkg/uppm/installed/android-ndk-r26d/toolchains/llvm/prebuilt/linux-x86_64/lib/clang/17/include/mmintrin.h:335:12: error: invalid conversion between vector type '__m64' (vector of 1 'long long' value) and integer type 'int' of different size
    return (__m64)__builtin_ia32_punpckldq((__v2si)__m1, (__v2si)__m2);
           ^~~~~~~~~~~~~~~~~~~~~~~~~~~~~~~~~~~~~~~~~~~~~~~~~~~~~~~~~~~
/home/zackmon/.ndk-pkg/uppm/installed/android-ndk-r26d/toolchains/llvm/prebuilt/linux-x86_64/lib/clang/17/include/mmintrin.h:356:12: error: invalid conversion between vector type '__m64' (vector of 1 'long long' value) and integer type 'int' of different size
    return (__m64)__builtin_ia32_paddb((__v8qi)__m1, (__v8qi)__m2);
           ^~~~~~~~~~~~~~~~~~~~~~~~~~~~~~~~~~~~~~~~~~~~~~~~~~~~~~~
/home/zackmon/.ndk-pkg/uppm/installed/android-ndk-r26d/toolchains/llvm/prebuilt/linux-x86_64/lib/clang/17/include/mmintrin.h:377:12: error: invalid conversion between vector type '__m64' (vector of 1 'long long' value) and integer type 'int' of different size
    return (__m64)__builtin_ia32_paddw((__v4hi)__m1, (__v4hi)__m2);
           ^~~~~~~~~~~~~~~~~~~~~~~~~~~~~~~~~~~~~~~~~~~~~~~~~~~~~~~
/home/zackmon/.ndk-pkg/uppm/installed/android-ndk-r26d/toolchains/llvm/prebuilt/linux-x86_64/lib/clang/17/include/mmintrin.h:398:12: error: invalid conversion between vector type '__m64' (vector of 1 'long long' value) and integer type 'int' of different size
    return (__m64)__builtin_ia32_paddd((__v2si)__m1, (__v2si)__m2);
           ^~~~~~~~~~~~~~~~~~~~~~~~~~~~~~~~~~~~~~~~~~~~~~~~~~~~~~~
/home/zackmon/.ndk-pkg/uppm/installed/android-ndk-r26d/toolchains/llvm/prebuilt/linux-x86_64/lib/clang/17/include/mmintrin.h:420:12: error: invalid conversion between vector type '__m64' (vector of 1 'long long' value) and integer type 'int' of different size
    return (__m64)__builtin_ia32_paddsb((__v8qi)__m1, (__v8qi)__m2);
           ^~~~~~~~~~~~~~~~~~~~~~~~~~~~~~~~~~~~~~~~~~~~~~~~~~~~~~~~
/home/zackmon/.ndk-pkg/uppm/installed/android-ndk-r26d/toolchains/llvm/prebuilt/linux-x86_64/lib/clang/17/include/mmintrin.h:443:12: error: invalid conversion between vector type '__m64' (vector of 1 'long long' value) and integer type 'int' of different size
    return (__m64)__builtin_ia32_paddsw((__v4hi)__m1, (__v4hi)__m2);
           ^~~~~~~~~~~~~~~~~~~~~~~~~~~~~~~~~~~~~~~~~~~~~~~~~~~~~~~~
/home/zackmon/.ndk-pkg/uppm/installed/android-ndk-r26d/toolchains/llvm/prebuilt/linux-x86_64/lib/clang/17/include/mmintrin.h:465:12: error: invalid conversion between vector type '__m64' (vector of 1 'long long' value) and integer type 'int' of different size
    return (__m64)__builtin_ia32_paddusb((__v8qi)__m1, (__v8qi)__m2);
           ^~~~~~~~~~~~~~~~~~~~~~~~~~~~~~~~~~~~~~~~~~~~~~~~~~~~~~~~~
fatal error: too many errors emitted, stopping now [-ferror-limit=]
20 errors generated.
configure:13696: $? = 1
configure: failed program was:
| /* confdefs.h */
| #define PACKAGE_NAME "speexdsp"
| #define PACKAGE_TARNAME "speexdsp"
| #define PACKAGE_VERSION "1.2.1"
| #define PACKAGE_STRING "speexdsp 1.2.1"
| #define PACKAGE_BUGREPORT "speex-dev@xiph.org"
| #define PACKAGE_URL ""
| #define HAVE_STDIO_H 1
| #define HAVE_STDLIB_H 1
| #define HAVE_STRING_H 1
| #define HAVE_INTTYPES_H 1
| #define HAVE_STDINT_H 1
| #define HAVE_STRINGS_H 1
| #define HAVE_SYS_STAT_H 1
| #define HAVE_SYS_TYPES_H 1
| #define HAVE_UNISTD_H 1
| #define STDC_HEADERS 1
| #define HAVE_DLFCN_H 1
| #define LT_OBJDIR ".libs/"
| #define restrict __restrict__
| #define VAR_ARRAYS /**/
| /* end confdefs.h.  */
| 
| 
| #include <emmintrin.h>
| __m128d testfunc(double *a, double *b) {
|   return _mm_add_pd(_mm_loadu_pd(a), _mm_loadu_pd(b));
| }
| 
| int
| main (void)
| {
| 
|   ;
|   return 0;
| }
configure:13709: result: no
configure:13712: checking for NEON in current arch/CFLAGS
configure:13731: /home/zackmon/.ndk-pkg/core/wrapper-target-cc -o conftest -Qunused-arguments -fPIC -Wall -fno-common -Os -I/home/zackmon/.ndk-pkg/run/484146/android-21-armeabi-v7a/libspeexdsp/include -Qunused-arguments -include /home/zackmon/.ndk-pkg/run/484146/android-21-armeabi-v7a/libspeexdsp/include/ndk-pkg-common.h -DNDEBUG -L/home/zackmon/.ndk-pkg/run/484146/android-21-armeabi-v7a/libspeexdsp/lib -Wl,--as-needed -Wl,-z,muldefs -Wl,--allow-multiple-definition -flto -Wl,-s conftest.c -lm >&5
configure:13731: $? = 0
configure:13744: result: yes
configure:13749: checking for ELF visibility
configure:13767: /home/zackmon/.ndk-pkg/core/wrapper-target-cc -c -Qunused-arguments -fPIC -Wall -fno-common -Os -fvisibility=hidden -I/home/zackmon/.ndk-pkg/run/484146/android-21-armeabi-v7a/libspeexdsp/include -Qunused-arguments -include /home/zackmon/.ndk-pkg/run/484146/android-21-armeabi-v7a/libspeexdsp/include/ndk-pkg-common.h -DNDEBUG conftest.c >&5
configure:13767: $? = 0
configure:13786: result: yes
configure:13789: checking for sys/soundcard.h
configure:13789: /home/zackmon/.ndk-pkg/core/wrapper-target-cc -c -Qunused-arguments -fPIC -Wall -fno-common -Os -fvisibility=hidden -I/home/zackmon/.ndk-pkg/run/484146/android-21-armeabi-v7a/libspeexdsp/include -Qunused-arguments -include /home/zackmon/.ndk-pkg/run/484146/android-21-armeabi-v7a/libspeexdsp/include/ndk-pkg-common.h -DNDEBUG conftest.c >&5
conftest.c:52:10: fatal error: 'sys/soundcard.h' file not found
#include <sys/soundcard.h>
         ^~~~~~~~~~~~~~~~~
1 error generated.
configure:13789: $? = 1
configure: failed program was:
| /* confdefs.h */
| #define PACKAGE_NAME "speexdsp"
| #define PACKAGE_TARNAME "speexdsp"
| #define PACKAGE_VERSION "1.2.1"
| #define PACKAGE_STRING "speexdsp 1.2.1"
| #define PACKAGE_BUGREPORT "speex-dev@xiph.org"
| #define PACKAGE_URL ""
| #define HAVE_STDIO_H 1
| #define HAVE_STDLIB_H 1
| #define HAVE_STRING_H 1
| #define HAVE_INTTYPES_H 1
| #define HAVE_STDINT_H 1
| #define HAVE_STRINGS_H 1
| #define HAVE_SYS_STAT_H 1
| #define HAVE_SYS_TYPES_H 1
| #define HAVE_UNISTD_H 1
| #define STDC_HEADERS 1
| #define HAVE_DLFCN_H 1
| #define LT_OBJDIR ".libs/"
| #define restrict __restrict__
| #define VAR_ARRAYS /**/
| #define EXPORT __attribute__((visibility("default")))
| /* end confdefs.h.  */
| #include <stddef.h>
| #ifdef HAVE_STDIO_H
| # include <stdio.h>
| #endif
| #ifdef HAVE_STDLIB_H
| # include <stdlib.h>
| #endif
| #ifdef HAVE_STRING_H
| # include <string.h>
| #endif
| #ifdef HAVE_INTTYPES_H
| # include <inttypes.h>
| #endif
| #ifdef HAVE_STDINT_H
| # include <stdint.h>
| #endif
| #ifdef HAVE_STRINGS_H
| # include <strings.h>
| #endif
| #ifdef HAVE_SYS_TYPES_H
| # include <sys/types.h>
| #endif
| #ifdef HAVE_SYS_STAT_H
| # include <sys/stat.h>
| #endif
| #ifdef HAVE_UNISTD_H
| # include <unistd.h>
| #endif
| #include <sys/soundcard.h>
configure:13789: result: no
configure:13795: checking for sys/audioio.h
configure:13795: /home/zackmon/.ndk-pkg/core/wrapper-target-cc -c -Qunused-arguments -fPIC -Wall -fno-common -Os -fvisibility=hidden -I/home/zackmon/.ndk-pkg/run/484146/android-21-armeabi-v7a/libspeexdsp/include -Qunused-arguments -include /home/zackmon/.ndk-pkg/run/484146/android-21-armeabi-v7a/libspeexdsp/include/ndk-pkg-common.h -DNDEBUG conftest.c >&5
conftest.c:52:10: fatal error: 'sys/audioio.h' file not found
#include <sys/audioio.h>
         ^~~~~~~~~~~~~~~
1 error generated.
configure:13795: $? = 1
configure: failed program was:
| /* confdefs.h */
| #define PACKAGE_NAME "speexdsp"
| #define PACKAGE_TARNAME "speexdsp"
| #define PACKAGE_VERSION "1.2.1"
| #define PACKAGE_STRING "speexdsp 1.2.1"
| #define PACKAGE_BUGREPORT "speex-dev@xiph.org"
| #define PACKAGE_URL ""
| #define HAVE_STDIO_H 1
| #define HAVE_STDLIB_H 1
| #define HAVE_STRING_H 1
| #define HAVE_INTTYPES_H 1
| #define HAVE_STDINT_H 1
| #define HAVE_STRINGS_H 1
| #define HAVE_SYS_STAT_H 1
| #define HAVE_SYS_TYPES_H 1
| #define HAVE_UNISTD_H 1
| #define STDC_HEADERS 1
| #define HAVE_DLFCN_H 1
| #define LT_OBJDIR ".libs/"
| #define restrict __restrict__
| #define VAR_ARRAYS /**/
| #define EXPORT __attribute__((visibility("default")))
| /* end confdefs.h.  */
| #include <stddef.h>
| #ifdef HAVE_STDIO_H
| # include <stdio.h>
| #endif
| #ifdef HAVE_STDLIB_H
| # include <stdlib.h>
| #endif
| #ifdef HAVE_STRING_H
| # include <string.h>
| #endif
| #ifdef HAVE_INTTYPES_H
| # include <inttypes.h>
| #endif
| #ifdef HAVE_STDINT_H
| # include <stdint.h>
| #endif
| #ifdef HAVE_STRINGS_H
| # include <strings.h>
| #endif
| #ifdef HAVE_SYS_TYPES_H
| # include <sys/types.h>
| #endif
| #ifdef HAVE_SYS_STAT_H
| # include <sys/stat.h>
| #endif
| #ifdef HAVE_UNISTD_H
| # include <unistd.h>
| #endif
| #include <sys/audioio.h>
configure:13795: result: no
configure:13893: checking for cos in -lm
configure:13916: /home/zackmon/.ndk-pkg/core/wrapper-target-cc -o conftest -Qunused-arguments -fPIC -Wall -fno-common -Os -fvisibility=hidden -I/home/zackmon/.ndk-pkg/run/484146/android-21-armeabi-v7a/libspeexdsp/include -Qunused-arguments -include /home/zackmon/.ndk-pkg/run/484146/android-21-armeabi-v7a/libspeexdsp/include/ndk-pkg-common.h -DNDEBUG -L/home/zackmon/.ndk-pkg/run/484146/android-21-armeabi-v7a/libspeexdsp/lib -Wl,--as-needed -Wl,-z,muldefs -Wl,--allow-multiple-definition -flto -Wl,-s conftest.c -lm  -lm >&5
conftest.c:28:6: warning: incompatible redeclaration of library function 'cos' [-Wincompatible-library-redeclaration]
char cos ();
     ^
conftest.c:28:6: note: 'cos' is a builtin with type 'double (double)'
1 warning generated.
configure:13916: $? = 0
configure:13926: result: yes
configure:14253: checking pkg-config is at least version 0.9.0
configure:14256: result: yes
configure:14442: checking size of int16_t
configure:14448: /home/zackmon/.ndk-pkg/core/wrapper-target-cc -c -Qunused-arguments -fPIC -Wall -fno-common -Os -fvisibility=hidden -I/home/zackmon/.ndk-pkg/run/484146/android-21-armeabi-v7a/libspeexdsp/include -Qunused-arguments -include /home/zackmon/.ndk-pkg/run/484146/android-21-armeabi-v7a/libspeexdsp/include/ndk-pkg-common.h -DNDEBUG conftest.c >&5
configure:14448: $? = 0
configure:14448: /home/zackmon/.ndk-pkg/core/wrapper-target-cc -c -Qunused-arguments -fPIC -Wall -fno-common -Os -fvisibility=hidden -I/home/zackmon/.ndk-pkg/run/484146/android-21-armeabi-v7a/libspeexdsp/include -Qunused-arguments -include /home/zackmon/.ndk-pkg/run/484146/android-21-armeabi-v7a/libspeexdsp/include/ndk-pkg-common.h -DNDEBUG conftest.c >&5
conftest.c:58:24: error: 'test_array' declared as an array with a negative size
static int test_array [1 - 2 * !(((long int) (sizeof (int16_t))) <= 0)];
                       ^~~~~~~~~~~~~~~~~~~~~~~~~~~~~~~~~~~~~~~~~~~~~~~
1 error generated.
configure:14448: $? = 1
configure: failed program was:
| /* confdefs.h */
| #define PACKAGE_NAME "speexdsp"
| #define PACKAGE_TARNAME "speexdsp"
| #define PACKAGE_VERSION "1.2.1"
| #define PACKAGE_STRING "speexdsp 1.2.1"
| #define PACKAGE_BUGREPORT "speex-dev@xiph.org"
| #define PACKAGE_URL ""
| #define HAVE_STDIO_H 1
| #define HAVE_STDLIB_H 1
| #define HAVE_STRING_H 1
| #define HAVE_INTTYPES_H 1
| #define HAVE_STDINT_H 1
| #define HAVE_STRINGS_H 1
| #define HAVE_SYS_STAT_H 1
| #define HAVE_SYS_TYPES_H 1
| #define HAVE_UNISTD_H 1
| #define STDC_HEADERS 1
| #define HAVE_DLFCN_H 1
| #define LT_OBJDIR ".libs/"
| #define restrict __restrict__
| #define VAR_ARRAYS /**/
| #define EXPORT __attribute__((visibility("default")))
| #define FLOATING_POINT /**/
| #define USE_NEON /**/
| #define USE_SMALLFT /**/
| /* end confdefs.h.  */
| #include <stddef.h>
| #ifdef HAVE_STDIO_H
| # include <stdio.h>
| #endif
| #ifdef HAVE_STDLIB_H
| # include <stdlib.h>
| #endif
| #ifdef HAVE_STRING_H
| # include <string.h>
| #endif
| #ifdef HAVE_INTTYPES_H
| # include <inttypes.h>
| #endif
| #ifdef HAVE_STDINT_H
| # include <stdint.h>
| #endif
| #ifdef HAVE_STRINGS_H
| # include <strings.h>
| #endif
| #ifdef HAVE_SYS_TYPES_H
| # include <sys/types.h>
| #endif
| #ifdef HAVE_SYS_STAT_H
| # include <sys/stat.h>
| #endif
| #ifdef HAVE_UNISTD_H
| # include <unistd.h>
| #endif
| int
| main (void)
| {
| static int test_array [1 - 2 * !(((long int) (sizeof (int16_t))) <= 0)];
| test_array [0] = 0;
| return test_array [0];
| 
|   ;
|   return 0;
| }
configure:14448: /home/zackmon/.ndk-pkg/core/wrapper-target-cc -c -Qunused-arguments -fPIC -Wall -fno-common -Os -fvisibility=hidden -I/home/zackmon/.ndk-pkg/run/484146/android-21-armeabi-v7a/libspeexdsp/include -Qunused-arguments -include /home/zackmon/.ndk-pkg/run/484146/android-21-armeabi-v7a/libspeexdsp/include/ndk-pkg-common.h -DNDEBUG conftest.c >&5
conftest.c:58:24: error: 'test_array' declared as an array with a negative size
static int test_array [1 - 2 * !(((long int) (sizeof (int16_t))) <= 1)];
                       ^~~~~~~~~~~~~~~~~~~~~~~~~~~~~~~~~~~~~~~~~~~~~~~
1 error generated.
configure:14448: $? = 1
configure: failed program was:
| /* confdefs.h */
| #define PACKAGE_NAME "speexdsp"
| #define PACKAGE_TARNAME "speexdsp"
| #define PACKAGE_VERSION "1.2.1"
| #define PACKAGE_STRING "speexdsp 1.2.1"
| #define PACKAGE_BUGREPORT "speex-dev@xiph.org"
| #define PACKAGE_URL ""
| #define HAVE_STDIO_H 1
| #define HAVE_STDLIB_H 1
| #define HAVE_STRING_H 1
| #define HAVE_INTTYPES_H 1
| #define HAVE_STDINT_H 1
| #define HAVE_STRINGS_H 1
| #define HAVE_SYS_STAT_H 1
| #define HAVE_SYS_TYPES_H 1
| #define HAVE_UNISTD_H 1
| #define STDC_HEADERS 1
| #define HAVE_DLFCN_H 1
| #define LT_OBJDIR ".libs/"
| #define restrict __restrict__
| #define VAR_ARRAYS /**/
| #define EXPORT __attribute__((visibility("default")))
| #define FLOATING_POINT /**/
| #define USE_NEON /**/
| #define USE_SMALLFT /**/
| /* end confdefs.h.  */
| #include <stddef.h>
| #ifdef HAVE_STDIO_H
| # include <stdio.h>
| #endif
| #ifdef HAVE_STDLIB_H
| # include <stdlib.h>
| #endif
| #ifdef HAVE_STRING_H
| # include <string.h>
| #endif
| #ifdef HAVE_INTTYPES_H
| # include <inttypes.h>
| #endif
| #ifdef HAVE_STDINT_H
| # include <stdint.h>
| #endif
| #ifdef HAVE_STRINGS_H
| # include <strings.h>
| #endif
| #ifdef HAVE_SYS_TYPES_H
| # include <sys/types.h>
| #endif
| #ifdef HAVE_SYS_STAT_H
| # include <sys/stat.h>
| #endif
| #ifdef HAVE_UNISTD_H
| # include <unistd.h>
| #endif
| int
| main (void)
| {
| static int test_array [1 - 2 * !(((long int) (sizeof (int16_t))) <= 1)];
| test_array [0] = 0;
| return test_array [0];
| 
|   ;
|   return 0;
| }
configure:14448: /home/zackmon/.ndk-pkg/core/wrapper-target-cc -c -Qunused-arguments -fPIC -Wall -fno-common -Os -fvisibility=hidden -I/home/zackmon/.ndk-pkg/run/484146/android-21-armeabi-v7a/libspeexdsp/include -Qunused-arguments -include /home/zackmon/.ndk-pkg/run/484146/android-21-armeabi-v7a/libspeexdsp/include/ndk-pkg-common.h -DNDEBUG conftest.c >&5
configure:14448: $? = 0
configure:14448: /home/zackmon/.ndk-pkg/core/wrapper-target-cc -c -Qunused-arguments -fPIC -Wall -fno-common -Os -fvisibility=hidden -I/home/zackmon/.ndk-pkg/run/484146/android-21-armeabi-v7a/libspeexdsp/include -Qunused-arguments -include /home/zackmon/.ndk-pkg/run/484146/android-21-armeabi-v7a/libspeexdsp/include/ndk-pkg-common.h -DNDEBUG conftest.c >&5
configure:14448: $? = 0
configure:14463: result: 2
configure:14475: checking size of uint16_t
configure:14481: /home/zackmon/.ndk-pkg/core/wrapper-target-cc -c -Qunused-arguments -fPIC -Wall -fno-common -Os -fvisibility=hidden -I/home/zackmon/.ndk-pkg/run/484146/android-21-armeabi-v7a/libspeexdsp/include -Qunused-arguments -include /home/zackmon/.ndk-pkg/run/484146/android-21-armeabi-v7a/libspeexdsp/include/ndk-pkg-common.h -DNDEBUG conftest.c >&5
configure:14481: $? = 0
configure:14481: /home/zackmon/.ndk-pkg/core/wrapper-target-cc -c -Qunused-arguments -fPIC -Wall -fno-common -Os -fvisibility=hidden -I/home/zackmon/.ndk-pkg/run/484146/android-21-armeabi-v7a/libspeexdsp/include -Qunused-arguments -include /home/zackmon/.ndk-pkg/run/484146/android-21-armeabi-v7a/libspeexdsp/include/ndk-pkg-common.h -DNDEBUG conftest.c >&5
conftest.c:59:24: error: 'test_array' declared as an array with a negative size
static int test_array [1 - 2 * !(((long int) (sizeof (uint16_t))) <= 0)];
                       ^~~~~~~~~~~~~~~~~~~~~~~~~~~~~~~~~~~~~~~~~~~~~~~~
1 error generated.
configure:14481: $? = 1
configure: failed program was:
| /* confdefs.h */
| #define PACKAGE_NAME "speexdsp"
| #define PACKAGE_TARNAME "speexdsp"
| #define PACKAGE_VERSION "1.2.1"
| #define PACKAGE_STRING "speexdsp 1.2.1"
| #define PACKAGE_BUGREPORT "speex-dev@xiph.org"
| #define PACKAGE_URL ""
| #define HAVE_STDIO_H 1
| #define HAVE_STDLIB_H 1
| #define HAVE_STRING_H 1
| #define HAVE_INTTYPES_H 1
| #define HAVE_STDINT_H 1
| #define HAVE_STRINGS_H 1
| #define HAVE_SYS_STAT_H 1
| #define HAVE_SYS_TYPES_H 1
| #define HAVE_UNISTD_H 1
| #define STDC_HEADERS 1
| #define HAVE_DLFCN_H 1
| #define LT_OBJDIR ".libs/"
| #define restrict __restrict__
| #define VAR_ARRAYS /**/
| #define EXPORT __attribute__((visibility("default")))
| #define FLOATING_POINT /**/
| #define USE_NEON /**/
| #define USE_SMALLFT /**/
| #define SIZEOF_INT16_T 2
| /* end confdefs.h.  */
| #include <stddef.h>
| #ifdef HAVE_STDIO_H
| # include <stdio.h>
| #endif
| #ifdef HAVE_STDLIB_H
| # include <stdlib.h>
| #endif
| #ifdef HAVE_STRING_H
| # include <string.h>
| #endif
| #ifdef HAVE_INTTYPES_H
| # include <inttypes.h>
| #endif
| #ifdef HAVE_STDINT_H
| # include <stdint.h>
| #endif
| #ifdef HAVE_STRINGS_H
| # include <strings.h>
| #endif
| #ifdef HAVE_SYS_TYPES_H
| # include <sys/types.h>
| #endif
| #ifdef HAVE_SYS_STAT_H
| # include <sys/stat.h>
| #endif
| #ifdef HAVE_UNISTD_H
| # include <unistd.h>
| #endif
| int
| main (void)
| {
| static int test_array [1 - 2 * !(((long int) (sizeof (uint16_t))) <= 0)];
| test_array [0] = 0;
| return test_array [0];
| 
|   ;
|   return 0;
| }
configure:14481: /home/zackmon/.ndk-pkg/core/wrapper-target-cc -c -Qunused-arguments -fPIC -Wall -fno-common -Os -fvisibility=hidden -I/home/zackmon/.ndk-pkg/run/484146/android-21-armeabi-v7a/libspeexdsp/include -Qunused-arguments -include /home/zackmon/.ndk-pkg/run/484146/android-21-armeabi-v7a/libspeexdsp/include/ndk-pkg-common.h -DNDEBUG conftest.c >&5
conftest.c:59:24: error: 'test_array' declared as an array with a negative size
static int test_array [1 - 2 * !(((long int) (sizeof (uint16_t))) <= 1)];
                       ^~~~~~~~~~~~~~~~~~~~~~~~~~~~~~~~~~~~~~~~~~~~~~~~
1 error generated.
configure:14481: $? = 1
configure: failed program was:
| /* confdefs.h */
| #define PACKAGE_NAME "speexdsp"
| #define PACKAGE_TARNAME "speexdsp"
| #define PACKAGE_VERSION "1.2.1"
| #define PACKAGE_STRING "speexdsp 1.2.1"
| #define PACKAGE_BUGREPORT "speex-dev@xiph.org"
| #define PACKAGE_URL ""
| #define HAVE_STDIO_H 1
| #define HAVE_STDLIB_H 1
| #define HAVE_STRING_H 1
| #define HAVE_INTTYPES_H 1
| #define HAVE_STDINT_H 1
| #define HAVE_STRINGS_H 1
| #define HAVE_SYS_STAT_H 1
| #define HAVE_SYS_TYPES_H 1
| #define HAVE_UNISTD_H 1
| #define STDC_HEADERS 1
| #define HAVE_DLFCN_H 1
| #define LT_OBJDIR ".libs/"
| #define restrict __restrict__
| #define VAR_ARRAYS /**/
| #define EXPORT __attribute__((visibility("default")))
| #define FLOATING_POINT /**/
| #define USE_NEON /**/
| #define USE_SMALLFT /**/
| #define SIZEOF_INT16_T 2
| /* end confdefs.h.  */
| #include <stddef.h>
| #ifdef HAVE_STDIO_H
| # include <stdio.h>
| #endif
| #ifdef HAVE_STDLIB_H
| # include <stdlib.h>
| #endif
| #ifdef HAVE_STRING_H
| # include <string.h>
| #endif
| #ifdef HAVE_INTTYPES_H
| # include <inttypes.h>
| #endif
| #ifdef HAVE_STDINT_H
| # include <stdint.h>
| #endif
| #ifdef HAVE_STRINGS_H
| # include <strings.h>
| #endif
| #ifdef HAVE_SYS_TYPES_H
| # include <sys/types.h>
| #endif
| #ifdef HAVE_SYS_STAT_H
| # include <sys/stat.h>
| #endif
| #ifdef HAVE_UNISTD_H
| # include <unistd.h>
| #endif
| int
| main (void)
| {
| static int test_array [1 - 2 * !(((long int) (sizeof (uint16_t))) <= 1)];
| test_array [0] = 0;
| return test_array [0];
| 
|   ;
|   return 0;
| }
configure:14481: /home/zackmon/.ndk-pkg/core/wrapper-target-cc -c -Qunused-arguments -fPIC -Wall -fno-common -Os -fvisibility=hidden -I/home/zackmon/.ndk-pkg/run/484146/android-21-armeabi-v7a/libspeexdsp/include -Qunused-arguments -include /home/zackmon/.ndk-pkg/run/484146/android-21-armeabi-v7a/libspeexdsp/include/ndk-pkg-common.h -DNDEBUG conftest.c >&5
configure:14481: $? = 0
configure:14481: /home/zackmon/.ndk-pkg/core/wrapper-target-cc -c -Qunused-arguments -fPIC -Wall -fno-common -Os -fvisibility=hidden -I/home/zackmon/.ndk-pkg/run/484146/android-21-armeabi-v7a/libspeexdsp/include -Qunused-arguments -include /home/zackmon/.ndk-pkg/run/484146/android-21-armeabi-v7a/libspeexdsp/include/ndk-pkg-common.h -DNDEBUG conftest.c >&5
configure:14481: $? = 0
configure:14496: result: 2
configure:14508: checking size of u_int16_t
configure:14514: /home/zackmon/.ndk-pkg/core/wrapper-target-cc -c -Qunused-arguments -fPIC -Wall -fno-common -Os -fvisibility=hidden -I/home/zackmon/.ndk-pkg/run/484146/android-21-armeabi-v7a/libspeexdsp/include -Qunused-arguments -include /home/zackmon/.ndk-pkg/run/484146/android-21-armeabi-v7a/libspeexdsp/include/ndk-pkg-common.h -DNDEBUG conftest.c >&5
configure:14514: $? = 0
configure:14514: /home/zackmon/.ndk-pkg/core/wrapper-target-cc -c -Qunused-arguments -fPIC -Wall -fno-common -Os -fvisibility=hidden -I/home/zackmon/.ndk-pkg/run/484146/android-21-armeabi-v7a/libspeexdsp/include -Qunused-arguments -include /home/zackmon/.ndk-pkg/run/484146/android-21-armeabi-v7a/libspeexdsp/include/ndk-pkg-common.h -DNDEBUG conftest.c >&5
conftest.c:60:24: error: 'test_array' declared as an array with a negative size
static int test_array [1 - 2 * !(((long int) (sizeof (u_int16_t))) <= 0)];
                       ^~~~~~~~~~~~~~~~~~~~~~~~~~~~~~~~~~~~~~~~~~~~~~~~~
1 error generated.
configure:14514: $? = 1
configure: failed program was:
| /* confdefs.h */
| #define PACKAGE_NAME "speexdsp"
| #define PACKAGE_TARNAME "speexdsp"
| #define PACKAGE_VERSION "1.2.1"
| #define PACKAGE_STRING "speexdsp 1.2.1"
| #define PACKAGE_BUGREPORT "speex-dev@xiph.org"
| #define PACKAGE_URL ""
| #define HAVE_STDIO_H 1
| #define HAVE_STDLIB_H 1
| #define HAVE_STRING_H 1
| #define HAVE_INTTYPES_H 1
| #define HAVE_STDINT_H 1
| #define HAVE_STRINGS_H 1
| #define HAVE_SYS_STAT_H 1
| #define HAVE_SYS_TYPES_H 1
| #define HAVE_UNISTD_H 1
| #define STDC_HEADERS 1
| #define HAVE_DLFCN_H 1
| #define LT_OBJDIR ".libs/"
| #define restrict __restrict__
| #define VAR_ARRAYS /**/
| #define EXPORT __attribute__((visibility("default")))
| #define FLOATING_POINT /**/
| #define USE_NEON /**/
| #define USE_SMALLFT /**/
| #define SIZEOF_INT16_T 2
| #define SIZEOF_UINT16_T 2
| /* end confdefs.h.  */
| #include <stddef.h>
| #ifdef HAVE_STDIO_H
| # include <stdio.h>
| #endif
| #ifdef HAVE_STDLIB_H
| # include <stdlib.h>
| #endif
| #ifdef HAVE_STRING_H
| # include <string.h>
| #endif
| #ifdef HAVE_INTTYPES_H
| # include <inttypes.h>
| #endif
| #ifdef HAVE_STDINT_H
| # include <stdint.h>
| #endif
| #ifdef HAVE_STRINGS_H
| # include <strings.h>
| #endif
| #ifdef HAVE_SYS_TYPES_H
| # include <sys/types.h>
| #endif
| #ifdef HAVE_SYS_STAT_H
| # include <sys/stat.h>
| #endif
| #ifdef HAVE_UNISTD_H
| # include <unistd.h>
| #endif
| int
| main (void)
| {
| static int test_array [1 - 2 * !(((long int) (sizeof (u_int16_t))) <= 0)];
| test_array [0] = 0;
| return test_array [0];
| 
|   ;
|   return 0;
| }
configure:14514: /home/zackmon/.ndk-pkg/core/wrapper-target-cc -c -Qunused-arguments -fPIC -Wall -fno-common -Os -fvisibility=hidden -I/home/zackmon/.ndk-pkg/run/484146/android-21-armeabi-v7a/libspeexdsp/include -Qunused-arguments -include /home/zackmon/.ndk-pkg/run/484146/android-21-armeabi-v7a/libspeexdsp/include/ndk-pkg-common.h -DNDEBUG conftest.c >&5
conftest.c:60:24: error: 'test_array' declared as an array with a negative size
static int test_array [1 - 2 * !(((long int) (sizeof (u_int16_t))) <= 1)];
                       ^~~~~~~~~~~~~~~~~~~~~~~~~~~~~~~~~~~~~~~~~~~~~~~~~
1 error generated.
configure:14514: $? = 1
configure: failed program was:
| /* confdefs.h */
| #define PACKAGE_NAME "speexdsp"
| #define PACKAGE_TARNAME "speexdsp"
| #define PACKAGE_VERSION "1.2.1"
| #define PACKAGE_STRING "speexdsp 1.2.1"
| #define PACKAGE_BUGREPORT "speex-dev@xiph.org"
| #define PACKAGE_URL ""
| #define HAVE_STDIO_H 1
| #define HAVE_STDLIB_H 1
| #define HAVE_STRING_H 1
| #define HAVE_INTTYPES_H 1
| #define HAVE_STDINT_H 1
| #define HAVE_STRINGS_H 1
| #define HAVE_SYS_STAT_H 1
| #define HAVE_SYS_TYPES_H 1
| #define HAVE_UNISTD_H 1
| #define STDC_HEADERS 1
| #define HAVE_DLFCN_H 1
| #define LT_OBJDIR ".libs/"
| #define restrict __restrict__
| #define VAR_ARRAYS /**/
| #define EXPORT __attribute__((visibility("default")))
| #define FLOATING_POINT /**/
| #define USE_NEON /**/
| #define USE_SMALLFT /**/
| #define SIZEOF_INT16_T 2
| #define SIZEOF_UINT16_T 2
| /* end confdefs.h.  */
| #include <stddef.h>
| #ifdef HAVE_STDIO_H
| # include <stdio.h>
| #endif
| #ifdef HAVE_STDLIB_H
| # include <stdlib.h>
| #endif
| #ifdef HAVE_STRING_H
| # include <string.h>
| #endif
| #ifdef HAVE_INTTYPES_H
| # include <inttypes.h>
| #endif
| #ifdef HAVE_STDINT_H
| # include <stdint.h>
| #endif
| #ifdef HAVE_STRINGS_H
| # include <strings.h>
| #endif
| #ifdef HAVE_SYS_TYPES_H
| # include <sys/types.h>
| #endif
| #ifdef HAVE_SYS_STAT_H
| # include <sys/stat.h>
| #endif
| #ifdef HAVE_UNISTD_H
| # include <unistd.h>
| #endif
| int
| main (void)
| {
| static int test_array [1 - 2 * !(((long int) (sizeof (u_int16_t))) <= 1)];
| test_array [0] = 0;
| return test_array [0];
| 
|   ;
|   return 0;
| }
configure:14514: /home/zackmon/.ndk-pkg/core/wrapper-target-cc -c -Qunused-arguments -fPIC -Wall -fno-common -Os -fvisibility=hidden -I/home/zackmon/.ndk-pkg/run/484146/android-21-armeabi-v7a/libspeexdsp/include -Qunused-arguments -include /home/zackmon/.ndk-pkg/run/484146/android-21-armeabi-v7a/libspeexdsp/include/ndk-pkg-common.h -DNDEBUG conftest.c >&5
configure:14514: $? = 0
configure:14514: /home/zackmon/.ndk-pkg/core/wrapper-target-cc -c -Qunused-arguments -fPIC -Wall -fno-common -Os -fvisibility=hidden -I/home/zackmon/.ndk-pkg/run/484146/android-21-armeabi-v7a/libspeexdsp/include -Qunused-arguments -include /home/zackmon/.ndk-pkg/run/484146/android-21-armeabi-v7a/libspeexdsp/include/ndk-pkg-common.h -DNDEBUG conftest.c >&5
configure:14514: $? = 0
configure:14529: result: 2
configure:14541: checking size of int32_t
configure:14547: /home/zackmon/.ndk-pkg/core/wrapper-target-cc -c -Qunused-arguments -fPIC -Wall -fno-common -Os -fvisibility=hidden -I/home/zackmon/.ndk-pkg/run/484146/android-21-armeabi-v7a/libspeexdsp/include -Qunused-arguments -include /home/zackmon/.ndk-pkg/run/484146/android-21-armeabi-v7a/libspeexdsp/include/ndk-pkg-common.h -DNDEBUG conftest.c >&5
configure:14547: $? = 0
configure:14547: /home/zackmon/.ndk-pkg/core/wrapper-target-cc -c -Qunused-arguments -fPIC -Wall -fno-common -Os -fvisibility=hidden -I/home/zackmon/.ndk-pkg/run/484146/android-21-armeabi-v7a/libspeexdsp/include -Qunused-arguments -include /home/zackmon/.ndk-pkg/run/484146/android-21-armeabi-v7a/libspeexdsp/include/ndk-pkg-common.h -DNDEBUG conftest.c >&5
conftest.c:61:24: error: 'test_array' declared as an array with a negative size
static int test_array [1 - 2 * !(((long int) (sizeof (int32_t))) <= 0)];
                       ^~~~~~~~~~~~~~~~~~~~~~~~~~~~~~~~~~~~~~~~~~~~~~~
1 error generated.
configure:14547: $? = 1
configure: failed program was:
| /* confdefs.h */
| #define PACKAGE_NAME "speexdsp"
| #define PACKAGE_TARNAME "speexdsp"
| #define PACKAGE_VERSION "1.2.1"
| #define PACKAGE_STRING "speexdsp 1.2.1"
| #define PACKAGE_BUGREPORT "speex-dev@xiph.org"
| #define PACKAGE_URL ""
| #define HAVE_STDIO_H 1
| #define HAVE_STDLIB_H 1
| #define HAVE_STRING_H 1
| #define HAVE_INTTYPES_H 1
| #define HAVE_STDINT_H 1
| #define HAVE_STRINGS_H 1
| #define HAVE_SYS_STAT_H 1
| #define HAVE_SYS_TYPES_H 1
| #define HAVE_UNISTD_H 1
| #define STDC_HEADERS 1
| #define HAVE_DLFCN_H 1
| #define LT_OBJDIR ".libs/"
| #define restrict __restrict__
| #define VAR_ARRAYS /**/
| #define EXPORT __attribute__((visibility("default")))
| #define FLOATING_POINT /**/
| #define USE_NEON /**/
| #define USE_SMALLFT /**/
| #define SIZEOF_INT16_T 2
| #define SIZEOF_UINT16_T 2
| #define SIZEOF_U_INT16_T 2
| /* end confdefs.h.  */
| #include <stddef.h>
| #ifdef HAVE_STDIO_H
| # include <stdio.h>
| #endif
| #ifdef HAVE_STDLIB_H
| # include <stdlib.h>
| #endif
| #ifdef HAVE_STRING_H
| # include <string.h>
| #endif
| #ifdef HAVE_INTTYPES_H
| # include <inttypes.h>
| #endif
| #ifdef HAVE_STDINT_H
| # include <stdint.h>
| #endif
| #ifdef HAVE_STRINGS_H
| # include <strings.h>
| #endif
| #ifdef HAVE_SYS_TYPES_H
| # include <sys/types.h>
| #endif
| #ifdef HAVE_SYS_STAT_H
| # include <sys/stat.h>
| #endif
| #ifdef HAVE_UNISTD_H
| # include <unistd.h>
| #endif
| int
| main (void)
| {
| static int test_array [1 - 2 * !(((long int) (sizeof (int32_t))) <= 0)];
| test_array [0] = 0;
| return test_array [0];
| 
|   ;
|   return 0;
| }
configure:14547: /home/zackmon/.ndk-pkg/core/wrapper-target-cc -c -Qunused-arguments -fPIC -Wall -fno-common -Os -fvisibility=hidden -I/home/zackmon/.ndk-pkg/run/484146/android-21-armeabi-v7a/libspeexdsp/include -Qunused-arguments -include /home/zackmon/.ndk-pkg/run/484146/android-21-armeabi-v7a/libspeexdsp/include/ndk-pkg-common.h -DNDEBUG conftest.c >&5
conftest.c:61:24: error: 'test_array' declared as an array with a negative size
static int test_array [1 - 2 * !(((long int) (sizeof (int32_t))) <= 1)];
                       ^~~~~~~~~~~~~~~~~~~~~~~~~~~~~~~~~~~~~~~~~~~~~~~
1 error generated.
configure:14547: $? = 1
configure: failed program was:
| /* confdefs.h */
| #define PACKAGE_NAME "speexdsp"
| #define PACKAGE_TARNAME "speexdsp"
| #define PACKAGE_VERSION "1.2.1"
| #define PACKAGE_STRING "speexdsp 1.2.1"
| #define PACKAGE_BUGREPORT "speex-dev@xiph.org"
| #define PACKAGE_URL ""
| #define HAVE_STDIO_H 1
| #define HAVE_STDLIB_H 1
| #define HAVE_STRING_H 1
| #define HAVE_INTTYPES_H 1
| #define HAVE_STDINT_H 1
| #define HAVE_STRINGS_H 1
| #define HAVE_SYS_STAT_H 1
| #define HAVE_SYS_TYPES_H 1
| #define HAVE_UNISTD_H 1
| #define STDC_HEADERS 1
| #define HAVE_DLFCN_H 1
| #define LT_OBJDIR ".libs/"
| #define restrict __restrict__
| #define VAR_ARRAYS /**/
| #define EXPORT __attribute__((visibility("default")))
| #define FLOATING_POINT /**/
| #define USE_NEON /**/
| #define USE_SMALLFT /**/
| #define SIZEOF_INT16_T 2
| #define SIZEOF_UINT16_T 2
| #define SIZEOF_U_INT16_T 2
| /* end confdefs.h.  */
| #include <stddef.h>
| #ifdef HAVE_STDIO_H
| # include <stdio.h>
| #endif
| #ifdef HAVE_STDLIB_H
| # include <stdlib.h>
| #endif
| #ifdef HAVE_STRING_H
| # include <string.h>
| #endif
| #ifdef HAVE_INTTYPES_H
| # include <inttypes.h>
| #endif
| #ifdef HAVE_STDINT_H
| # include <stdint.h>
| #endif
| #ifdef HAVE_STRINGS_H
| # include <strings.h>
| #endif
| #ifdef HAVE_SYS_TYPES_H
| # include <sys/types.h>
| #endif
| #ifdef HAVE_SYS_STAT_H
| # include <sys/stat.h>
| #endif
| #ifdef HAVE_UNISTD_H
| # include <unistd.h>
| #endif
| int
| main (void)
| {
| static int test_array [1 - 2 * !(((long int) (sizeof (int32_t))) <= 1)];
| test_array [0] = 0;
| return test_array [0];
| 
|   ;
|   return 0;
| }
configure:14547: /home/zackmon/.ndk-pkg/core/wrapper-target-cc -c -Qunused-arguments -fPIC -Wall -fno-common -Os -fvisibility=hidden -I/home/zackmon/.ndk-pkg/run/484146/android-21-armeabi-v7a/libspeexdsp/include -Qunused-arguments -include /home/zackmon/.ndk-pkg/run/484146/android-21-armeabi-v7a/libspeexdsp/include/ndk-pkg-common.h -DNDEBUG conftest.c >&5
conftest.c:61:24: error: 'test_array' declared as an array with a negative size
static int test_array [1 - 2 * !(((long int) (sizeof (int32_t))) <= 3)];
                       ^~~~~~~~~~~~~~~~~~~~~~~~~~~~~~~~~~~~~~~~~~~~~~~
1 error generated.
configure:14547: $? = 1
configure: failed program was:
| /* confdefs.h */
| #define PACKAGE_NAME "speexdsp"
| #define PACKAGE_TARNAME "speexdsp"
| #define PACKAGE_VERSION "1.2.1"
| #define PACKAGE_STRING "speexdsp 1.2.1"
| #define PACKAGE_BUGREPORT "speex-dev@xiph.org"
| #define PACKAGE_URL ""
| #define HAVE_STDIO_H 1
| #define HAVE_STDLIB_H 1
| #define HAVE_STRING_H 1
| #define HAVE_INTTYPES_H 1
| #define HAVE_STDINT_H 1
| #define HAVE_STRINGS_H 1
| #define HAVE_SYS_STAT_H 1
| #define HAVE_SYS_TYPES_H 1
| #define HAVE_UNISTD_H 1
| #define STDC_HEADERS 1
| #define HAVE_DLFCN_H 1
| #define LT_OBJDIR ".libs/"
| #define restrict __restrict__
| #define VAR_ARRAYS /**/
| #define EXPORT __attribute__((visibility("default")))
| #define FLOATING_POINT /**/
| #define USE_NEON /**/
| #define USE_SMALLFT /**/
| #define SIZEOF_INT16_T 2
| #define SIZEOF_UINT16_T 2
| #define SIZEOF_U_INT16_T 2
| /* end confdefs.h.  */
| #include <stddef.h>
| #ifdef HAVE_STDIO_H
| # include <stdio.h>
| #endif
| #ifdef HAVE_STDLIB_H
| # include <stdlib.h>
| #endif
| #ifdef HAVE_STRING_H
| # include <string.h>
| #endif
| #ifdef HAVE_INTTYPES_H
| # include <inttypes.h>
| #endif
| #ifdef HAVE_STDINT_H
| # include <stdint.h>
| #endif
| #ifdef HAVE_STRINGS_H
| # include <strings.h>
| #endif
| #ifdef HAVE_SYS_TYPES_H
| # include <sys/types.h>
| #endif
| #ifdef HAVE_SYS_STAT_H
| # include <sys/stat.h>
| #endif
| #ifdef HAVE_UNISTD_H
| # include <unistd.h>
| #endif
| int
| main (void)
| {
| static int test_array [1 - 2 * !(((long int) (sizeof (int32_t))) <= 3)];
| test_array [0] = 0;
| return test_array [0];
| 
|   ;
|   return 0;
| }
configure:14547: /home/zackmon/.ndk-pkg/core/wrapper-target-cc -c -Qunused-arguments -fPIC -Wall -fno-common -Os -fvisibility=hidden -I/home/zackmon/.ndk-pkg/run/484146/android-21-armeabi-v7a/libspeexdsp/include -Qunused-arguments -include /home/zackmon/.ndk-pkg/run/484146/android-21-armeabi-v7a/libspeexdsp/include/ndk-pkg-common.h -DNDEBUG conftest.c >&5
configure:14547: $? = 0
configure:14547: /home/zackmon/.ndk-pkg/core/wrapper-target-cc -c -Qunused-arguments -fPIC -Wall -fno-common -Os -fvisibility=hidden -I/home/zackmon/.ndk-pkg/run/484146/android-21-armeabi-v7a/libspeexdsp/include -Qunused-arguments -include /home/zackmon/.ndk-pkg/run/484146/android-21-armeabi-v7a/libspeexdsp/include/ndk-pkg-common.h -DNDEBUG conftest.c >&5
configure:14547: $? = 0
configure:14547: /home/zackmon/.ndk-pkg/core/wrapper-target-cc -c -Qunused-arguments -fPIC -Wall -fno-common -Os -fvisibility=hidden -I/home/zackmon/.ndk-pkg/run/484146/android-21-armeabi-v7a/libspeexdsp/include -Qunused-arguments -include /home/zackmon/.ndk-pkg/run/484146/android-21-armeabi-v7a/libspeexdsp/include/ndk-pkg-common.h -DNDEBUG conftest.c >&5
configure:14547: $? = 0
configure:14562: result: 4
configure:14574: checking size of uint32_t
configure:14580: /home/zackmon/.ndk-pkg/core/wrapper-target-cc -c -Qunused-arguments -fPIC -Wall -fno-common -Os -fvisibility=hidden -I/home/zackmon/.ndk-pkg/run/484146/android-21-armeabi-v7a/libspeexdsp/include -Qunused-arguments -include /home/zackmon/.ndk-pkg/run/484146/android-21-armeabi-v7a/libspeexdsp/include/ndk-pkg-common.h -DNDEBUG conftest.c >&5
configure:14580: $? = 0
configure:14580: /home/zackmon/.ndk-pkg/core/wrapper-target-cc -c -Qunused-arguments -fPIC -Wall -fno-common -Os -fvisibility=hidden -I/home/zackmon/.ndk-pkg/run/484146/android-21-armeabi-v7a/libspeexdsp/include -Qunused-arguments -include /home/zackmon/.ndk-pkg/run/484146/android-21-armeabi-v7a/libspeexdsp/include/ndk-pkg-common.h -DNDEBUG conftest.c >&5
conftest.c:62:24: error: 'test_array' declared as an array with a negative size
static int test_array [1 - 2 * !(((long int) (sizeof (uint32_t))) <= 0)];
                       ^~~~~~~~~~~~~~~~~~~~~~~~~~~~~~~~~~~~~~~~~~~~~~~~
1 error generated.
configure:14580: $? = 1
configure: failed program was:
| /* confdefs.h */
| #define PACKAGE_NAME "speexdsp"
| #define PACKAGE_TARNAME "speexdsp"
| #define PACKAGE_VERSION "1.2.1"
| #define PACKAGE_STRING "speexdsp 1.2.1"
| #define PACKAGE_BUGREPORT "speex-dev@xiph.org"
| #define PACKAGE_URL ""
| #define HAVE_STDIO_H 1
| #define HAVE_STDLIB_H 1
| #define HAVE_STRING_H 1
| #define HAVE_INTTYPES_H 1
| #define HAVE_STDINT_H 1
| #define HAVE_STRINGS_H 1
| #define HAVE_SYS_STAT_H 1
| #define HAVE_SYS_TYPES_H 1
| #define HAVE_UNISTD_H 1
| #define STDC_HEADERS 1
| #define HAVE_DLFCN_H 1
| #define LT_OBJDIR ".libs/"
| #define restrict __restrict__
| #define VAR_ARRAYS /**/
| #define EXPORT __attribute__((visibility("default")))
| #define FLOATING_POINT /**/
| #define USE_NEON /**/
| #define USE_SMALLFT /**/
| #define SIZEOF_INT16_T 2
| #define SIZEOF_UINT16_T 2
| #define SIZEOF_U_INT16_T 2
| #define SIZEOF_INT32_T 4
| /* end confdefs.h.  */
| #include <stddef.h>
| #ifdef HAVE_STDIO_H
| # include <stdio.h>
| #endif
| #ifdef HAVE_STDLIB_H
| # include <stdlib.h>
| #endif
| #ifdef HAVE_STRING_H
| # include <string.h>
| #endif
| #ifdef HAVE_INTTYPES_H
| # include <inttypes.h>
| #endif
| #ifdef HAVE_STDINT_H
| # include <stdint.h>
| #endif
| #ifdef HAVE_STRINGS_H
| # include <strings.h>
| #endif
| #ifdef HAVE_SYS_TYPES_H
| # include <sys/types.h>
| #endif
| #ifdef HAVE_SYS_STAT_H
| # include <sys/stat.h>
| #endif
| #ifdef HAVE_UNISTD_H
| # include <unistd.h>
| #endif
| int
| main (void)
| {
| static int test_array [1 - 2 * !(((long int) (sizeof (uint32_t))) <= 0)];
| test_array [0] = 0;
| return test_array [0];
| 
|   ;
|   return 0;
| }
configure:14580: /home/zackmon/.ndk-pkg/core/wrapper-target-cc -c -Qunused-arguments -fPIC -Wall -fno-common -Os -fvisibility=hidden -I/home/zackmon/.ndk-pkg/run/484146/android-21-armeabi-v7a/libspeexdsp/include -Qunused-arguments -include /home/zackmon/.ndk-pkg/run/484146/android-21-armeabi-v7a/libspeexdsp/include/ndk-pkg-common.h -DNDEBUG conftest.c >&5
conftest.c:62:24: error: 'test_array' declared as an array with a negative size
static int test_array [1 - 2 * !(((long int) (sizeof (uint32_t))) <= 1)];
                       ^~~~~~~~~~~~~~~~~~~~~~~~~~~~~~~~~~~~~~~~~~~~~~~~
1 error generated.
configure:14580: $? = 1
configure: failed program was:
| /* confdefs.h */
| #define PACKAGE_NAME "speexdsp"
| #define PACKAGE_TARNAME "speexdsp"
| #define PACKAGE_VERSION "1.2.1"
| #define PACKAGE_STRING "speexdsp 1.2.1"
| #define PACKAGE_BUGREPORT "speex-dev@xiph.org"
| #define PACKAGE_URL ""
| #define HAVE_STDIO_H 1
| #define HAVE_STDLIB_H 1
| #define HAVE_STRING_H 1
| #define HAVE_INTTYPES_H 1
| #define HAVE_STDINT_H 1
| #define HAVE_STRINGS_H 1
| #define HAVE_SYS_STAT_H 1
| #define HAVE_SYS_TYPES_H 1
| #define HAVE_UNISTD_H 1
| #define STDC_HEADERS 1
| #define HAVE_DLFCN_H 1
| #define LT_OBJDIR ".libs/"
| #define restrict __restrict__
| #define VAR_ARRAYS /**/
| #define EXPORT __attribute__((visibility("default")))
| #define FLOATING_POINT /**/
| #define USE_NEON /**/
| #define USE_SMALLFT /**/
| #define SIZEOF_INT16_T 2
| #define SIZEOF_UINT16_T 2
| #define SIZEOF_U_INT16_T 2
| #define SIZEOF_INT32_T 4
| /* end confdefs.h.  */
| #include <stddef.h>
| #ifdef HAVE_STDIO_H
| # include <stdio.h>
| #endif
| #ifdef HAVE_STDLIB_H
| # include <stdlib.h>
| #endif
| #ifdef HAVE_STRING_H
| # include <string.h>
| #endif
| #ifdef HAVE_INTTYPES_H
| # include <inttypes.h>
| #endif
| #ifdef HAVE_STDINT_H
| # include <stdint.h>
| #endif
| #ifdef HAVE_STRINGS_H
| # include <strings.h>
| #endif
| #ifdef HAVE_SYS_TYPES_H
| # include <sys/types.h>
| #endif
| #ifdef HAVE_SYS_STAT_H
| # include <sys/stat.h>
| #endif
| #ifdef HAVE_UNISTD_H
| # include <unistd.h>
| #endif
| int
| main (void)
| {
| static int test_array [1 - 2 * !(((long int) (sizeof (uint32_t))) <= 1)];
| test_array [0] = 0;
| return test_array [0];
| 
|   ;
|   return 0;
| }
configure:14580: /home/zackmon/.ndk-pkg/core/wrapper-target-cc -c -Qunused-arguments -fPIC -Wall -fno-common -Os -fvisibility=hidden -I/home/zackmon/.ndk-pkg/run/484146/android-21-armeabi-v7a/libspeexdsp/include -Qunused-arguments -include /home/zackmon/.ndk-pkg/run/484146/android-21-armeabi-v7a/libspeexdsp/include/ndk-pkg-common.h -DNDEBUG conftest.c >&5
conftest.c:62:24: error: 'test_array' declared as an array with a negative size
static int test_array [1 - 2 * !(((long int) (sizeof (uint32_t))) <= 3)];
                       ^~~~~~~~~~~~~~~~~~~~~~~~~~~~~~~~~~~~~~~~~~~~~~~~
1 error generated.
configure:14580: $? = 1
configure: failed program was:
| /* confdefs.h */
| #define PACKAGE_NAME "speexdsp"
| #define PACKAGE_TARNAME "speexdsp"
| #define PACKAGE_VERSION "1.2.1"
| #define PACKAGE_STRING "speexdsp 1.2.1"
| #define PACKAGE_BUGREPORT "speex-dev@xiph.org"
| #define PACKAGE_URL ""
| #define HAVE_STDIO_H 1
| #define HAVE_STDLIB_H 1
| #define HAVE_STRING_H 1
| #define HAVE_INTTYPES_H 1
| #define HAVE_STDINT_H 1
| #define HAVE_STRINGS_H 1
| #define HAVE_SYS_STAT_H 1
| #define HAVE_SYS_TYPES_H 1
| #define HAVE_UNISTD_H 1
| #define STDC_HEADERS 1
| #define HAVE_DLFCN_H 1
| #define LT_OBJDIR ".libs/"
| #define restrict __restrict__
| #define VAR_ARRAYS /**/
| #define EXPORT __attribute__((visibility("default")))
| #define FLOATING_POINT /**/
| #define USE_NEON /**/
| #define USE_SMALLFT /**/
| #define SIZEOF_INT16_T 2
| #define SIZEOF_UINT16_T 2
| #define SIZEOF_U_INT16_T 2
| #define SIZEOF_INT32_T 4
| /* end confdefs.h.  */
| #include <stddef.h>
| #ifdef HAVE_STDIO_H
| # include <stdio.h>
| #endif
| #ifdef HAVE_STDLIB_H
| # include <stdlib.h>
| #endif
| #ifdef HAVE_STRING_H
| # include <string.h>
| #endif
| #ifdef HAVE_INTTYPES_H
| # include <inttypes.h>
| #endif
| #ifdef HAVE_STDINT_H
| # include <stdint.h>
| #endif
| #ifdef HAVE_STRINGS_H
| # include <strings.h>
| #endif
| #ifdef HAVE_SYS_TYPES_H
| # include <sys/types.h>
| #endif
| #ifdef HAVE_SYS_STAT_H
| # include <sys/stat.h>
| #endif
| #ifdef HAVE_UNISTD_H
| # include <unistd.h>
| #endif
| int
| main (void)
| {
| static int test_array [1 - 2 * !(((long int) (sizeof (uint32_t))) <= 3)];
| test_array [0] = 0;
| return test_array [0];
| 
|   ;
|   return 0;
| }
configure:14580: /home/zackmon/.ndk-pkg/core/wrapper-target-cc -c -Qunused-arguments -fPIC -Wall -fno-common -Os -fvisibility=hidden -I/home/zackmon/.ndk-pkg/run/484146/android-21-armeabi-v7a/libspeexdsp/include -Qunused-arguments -include /home/zackmon/.ndk-pkg/run/484146/android-21-armeabi-v7a/libspeexdsp/include/ndk-pkg-common.h -DNDEBUG conftest.c >&5
configure:14580: $? = 0
configure:14580: /home/zackmon/.ndk-pkg/core/wrapper-target-cc -c -Qunused-arguments -fPIC -Wall -fno-common -Os -fvisibility=hidden -I/home/zackmon/.ndk-pkg/run/484146/android-21-armeabi-v7a/libspeexdsp/include -Qunused-arguments -include /home/zackmon/.ndk-pkg/run/484146/android-21-armeabi-v7a/libspeexdsp/include/ndk-pkg-common.h -DNDEBUG conftest.c >&5
configure:14580: $? = 0
configure:14580: /home/zackmon/.ndk-pkg/core/wrapper-target-cc -c -Qunused-arguments -fPIC -Wall -fno-common -Os -fvisibility=hidden -I/home/zackmon/.ndk-pkg/run/484146/android-21-armeabi-v7a/libspeexdsp/include -Qunused-arguments -include /home/zackmon/.ndk-pkg/run/484146/android-21-armeabi-v7a/libspeexdsp/include/ndk-pkg-common.h -DNDEBUG conftest.c >&5
configure:14580: $? = 0
configure:14595: result: 4
configure:14607: checking size of u_int32_t
configure:14613: /home/zackmon/.ndk-pkg/core/wrapper-target-cc -c -Qunused-arguments -fPIC -Wall -fno-common -Os -fvisibility=hidden -I/home/zackmon/.ndk-pkg/run/484146/android-21-armeabi-v7a/libspeexdsp/include -Qunused-arguments -include /home/zackmon/.ndk-pkg/run/484146/android-21-armeabi-v7a/libspeexdsp/include/ndk-pkg-common.h -DNDEBUG conftest.c >&5
configure:14613: $? = 0
configure:14613: /home/zackmon/.ndk-pkg/core/wrapper-target-cc -c -Qunused-arguments -fPIC -Wall -fno-common -Os -fvisibility=hidden -I/home/zackmon/.ndk-pkg/run/484146/android-21-armeabi-v7a/libspeexdsp/include -Qunused-arguments -include /home/zackmon/.ndk-pkg/run/484146/android-21-armeabi-v7a/libspeexdsp/include/ndk-pkg-common.h -DNDEBUG conftest.c >&5
conftest.c:63:24: error: 'test_array' declared as an array with a negative size
static int test_array [1 - 2 * !(((long int) (sizeof (u_int32_t))) <= 0)];
                       ^~~~~~~~~~~~~~~~~~~~~~~~~~~~~~~~~~~~~~~~~~~~~~~~~
1 error generated.
configure:14613: $? = 1
configure: failed program was:
| /* confdefs.h */
| #define PACKAGE_NAME "speexdsp"
| #define PACKAGE_TARNAME "speexdsp"
| #define PACKAGE_VERSION "1.2.1"
| #define PACKAGE_STRING "speexdsp 1.2.1"
| #define PACKAGE_BUGREPORT "speex-dev@xiph.org"
| #define PACKAGE_URL ""
| #define HAVE_STDIO_H 1
| #define HAVE_STDLIB_H 1
| #define HAVE_STRING_H 1
| #define HAVE_INTTYPES_H 1
| #define HAVE_STDINT_H 1
| #define HAVE_STRINGS_H 1
| #define HAVE_SYS_STAT_H 1
| #define HAVE_SYS_TYPES_H 1
| #define HAVE_UNISTD_H 1
| #define STDC_HEADERS 1
| #define HAVE_DLFCN_H 1
| #define LT_OBJDIR ".libs/"
| #define restrict __restrict__
| #define VAR_ARRAYS /**/
| #define EXPORT __attribute__((visibility("default")))
| #define FLOATING_POINT /**/
| #define USE_NEON /**/
| #define USE_SMALLFT /**/
| #define SIZEOF_INT16_T 2
| #define SIZEOF_UINT16_T 2
| #define SIZEOF_U_INT16_T 2
| #define SIZEOF_INT32_T 4
| #define SIZEOF_UINT32_T 4
| /* end confdefs.h.  */
| #include <stddef.h>
| #ifdef HAVE_STDIO_H
| # include <stdio.h>
| #endif
| #ifdef HAVE_STDLIB_H
| # include <stdlib.h>
| #endif
| #ifdef HAVE_STRING_H
| # include <string.h>
| #endif
| #ifdef HAVE_INTTYPES_H
| # include <inttypes.h>
| #endif
| #ifdef HAVE_STDINT_H
| # include <stdint.h>
| #endif
| #ifdef HAVE_STRINGS_H
| # include <strings.h>
| #endif
| #ifdef HAVE_SYS_TYPES_H
| # include <sys/types.h>
| #endif
| #ifdef HAVE_SYS_STAT_H
| # include <sys/stat.h>
| #endif
| #ifdef HAVE_UNISTD_H
| # include <unistd.h>
| #endif
| int
| main (void)
| {
| static int test_array [1 - 2 * !(((long int) (sizeof (u_int32_t))) <= 0)];
| test_array [0] = 0;
| return test_array [0];
| 
|   ;
|   return 0;
| }
configure:14613: /home/zackmon/.ndk-pkg/core/wrapper-target-cc -c -Qunused-arguments -fPIC -Wall -fno-common -Os -fvisibility=hidden -I/home/zackmon/.ndk-pkg/run/484146/android-21-armeabi-v7a/libspeexdsp/include -Qunused-arguments -include /home/zackmon/.ndk-pkg/run/484146/android-21-armeabi-v7a/libspeexdsp/include/ndk-pkg-common.h -DNDEBUG conftest.c >&5
conftest.c:63:24: error: 'test_array' declared as an array with a negative size
static int test_array [1 - 2 * !(((long int) (sizeof (u_int32_t))) <= 1)];
                       ^~~~~~~~~~~~~~~~~~~~~~~~~~~~~~~~~~~~~~~~~~~~~~~~~
1 error generated.
configure:14613: $? = 1
configure: failed program was:
| /* confdefs.h */
| #define PACKAGE_NAME "speexdsp"
| #define PACKAGE_TARNAME "speexdsp"
| #define PACKAGE_VERSION "1.2.1"
| #define PACKAGE_STRING "speexdsp 1.2.1"
| #define PACKAGE_BUGREPORT "speex-dev@xiph.org"
| #define PACKAGE_URL ""
| #define HAVE_STDIO_H 1
| #define HAVE_STDLIB_H 1
| #define HAVE_STRING_H 1
| #define HAVE_INTTYPES_H 1
| #define HAVE_STDINT_H 1
| #define HAVE_STRINGS_H 1
| #define HAVE_SYS_STAT_H 1
| #define HAVE_SYS_TYPES_H 1
| #define HAVE_UNISTD_H 1
| #define STDC_HEADERS 1
| #define HAVE_DLFCN_H 1
| #define LT_OBJDIR ".libs/"
| #define restrict __restrict__
| #define VAR_ARRAYS /**/
| #define EXPORT __attribute__((visibility("default")))
| #define FLOATING_POINT /**/
| #define USE_NEON /**/
| #define USE_SMALLFT /**/
| #define SIZEOF_INT16_T 2
| #define SIZEOF_UINT16_T 2
| #define SIZEOF_U_INT16_T 2
| #define SIZEOF_INT32_T 4
| #define SIZEOF_UINT32_T 4
| /* end confdefs.h.  */
| #include <stddef.h>
| #ifdef HAVE_STDIO_H
| # include <stdio.h>
| #endif
| #ifdef HAVE_STDLIB_H
| # include <stdlib.h>
| #endif
| #ifdef HAVE_STRING_H
| # include <string.h>
| #endif
| #ifdef HAVE_INTTYPES_H
| # include <inttypes.h>
| #endif
| #ifdef HAVE_STDINT_H
| # include <stdint.h>
| #endif
| #ifdef HAVE_STRINGS_H
| # include <strings.h>
| #endif
| #ifdef HAVE_SYS_TYPES_H
| # include <sys/types.h>
| #endif
| #ifdef HAVE_SYS_STAT_H
| # include <sys/stat.h>
| #endif
| #ifdef HAVE_UNISTD_H
| # include <unistd.h>
| #endif
| int
| main (void)
| {
| static int test_array [1 - 2 * !(((long int) (sizeof (u_int32_t))) <= 1)];
| test_array [0] = 0;
| return test_array [0];
| 
|   ;
|   return 0;
| }
configure:14613: /home/zackmon/.ndk-pkg/core/wrapper-target-cc -c -Qunused-arguments -fPIC -Wall -fno-common -Os -fvisibility=hidden -I/home/zackmon/.ndk-pkg/run/484146/android-21-armeabi-v7a/libspeexdsp/include -Qunused-arguments -include /home/zackmon/.ndk-pkg/run/484146/android-21-armeabi-v7a/libspeexdsp/include/ndk-pkg-common.h -DNDEBUG conftest.c >&5
conftest.c:63:24: error: 'test_array' declared as an array with a negative size
static int test_array [1 - 2 * !(((long int) (sizeof (u_int32_t))) <= 3)];
                       ^~~~~~~~~~~~~~~~~~~~~~~~~~~~~~~~~~~~~~~~~~~~~~~~~
1 error generated.
configure:14613: $? = 1
configure: failed program was:
| /* confdefs.h */
| #define PACKAGE_NAME "speexdsp"
| #define PACKAGE_TARNAME "speexdsp"
| #define PACKAGE_VERSION "1.2.1"
| #define PACKAGE_STRING "speexdsp 1.2.1"
| #define PACKAGE_BUGREPORT "speex-dev@xiph.org"
| #define PACKAGE_URL ""
| #define HAVE_STDIO_H 1
| #define HAVE_STDLIB_H 1
| #define HAVE_STRING_H 1
| #define HAVE_INTTYPES_H 1
| #define HAVE_STDINT_H 1
| #define HAVE_STRINGS_H 1
| #define HAVE_SYS_STAT_H 1
| #define HAVE_SYS_TYPES_H 1
| #define HAVE_UNISTD_H 1
| #define STDC_HEADERS 1
| #define HAVE_DLFCN_H 1
| #define LT_OBJDIR ".libs/"
| #define restrict __restrict__
| #define VAR_ARRAYS /**/
| #define EXPORT __attribute__((visibility("default")))
| #define FLOATING_POINT /**/
| #define USE_NEON /**/
| #define USE_SMALLFT /**/
| #define SIZEOF_INT16_T 2
| #define SIZEOF_UINT16_T 2
| #define SIZEOF_U_INT16_T 2
| #define SIZEOF_INT32_T 4
| #define SIZEOF_UINT32_T 4
| /* end confdefs.h.  */
| #include <stddef.h>
| #ifdef HAVE_STDIO_H
| # include <stdio.h>
| #endif
| #ifdef HAVE_STDLIB_H
| # include <stdlib.h>
| #endif
| #ifdef HAVE_STRING_H
| # include <string.h>
| #endif
| #ifdef HAVE_INTTYPES_H
| # include <inttypes.h>
| #endif
| #ifdef HAVE_STDINT_H
| # include <stdint.h>
| #endif
| #ifdef HAVE_STRINGS_H
| # include <strings.h>
| #endif
| #ifdef HAVE_SYS_TYPES_H
| # include <sys/types.h>
| #endif
| #ifdef HAVE_SYS_STAT_H
| # include <sys/stat.h>
| #endif
| #ifdef HAVE_UNISTD_H
| # include <unistd.h>
| #endif
| int
| main (void)
| {
| static int test_array [1 - 2 * !(((long int) (sizeof (u_int32_t))) <= 3)];
| test_array [0] = 0;
| return test_array [0];
| 
|   ;
|   return 0;
| }
configure:14613: /home/zackmon/.ndk-pkg/core/wrapper-target-cc -c -Qunused-arguments -fPIC -Wall -fno-common -Os -fvisibility=hidden -I/home/zackmon/.ndk-pkg/run/484146/android-21-armeabi-v7a/libspeexdsp/include -Qunused-arguments -include /home/zackmon/.ndk-pkg/run/484146/android-21-armeabi-v7a/libspeexdsp/include/ndk-pkg-common.h -DNDEBUG conftest.c >&5
configure:14613: $? = 0
configure:14613: /home/zackmon/.ndk-pkg/core/wrapper-target-cc -c -Qunused-arguments -fPIC -Wall -fno-common -Os -fvisibility=hidden -I/home/zackmon/.ndk-pkg/run/484146/android-21-armeabi-v7a/libspeexdsp/include -Qunused-arguments -include /home/zackmon/.ndk-pkg/run/484146/android-21-armeabi-v7a/libspeexdsp/include/ndk-pkg-common.h -DNDEBUG conftest.c >&5
configure:14613: $? = 0
configure:14613: /home/zackmon/.ndk-pkg/core/wrapper-target-cc -c -Qunused-arguments -fPIC -Wall -fno-common -Os -fvisibility=hidden -I/home/zackmon/.ndk-pkg/run/484146/android-21-armeabi-v7a/libspeexdsp/include -Qunused-arguments -include /home/zackmon/.ndk-pkg/run/484146/android-21-armeabi-v7a/libspeexdsp/include/ndk-pkg-common.h -DNDEBUG conftest.c >&5
configure:14613: $? = 0
configure:14628: result: 4
configure:14640: checking size of short
configure:14646: /home/zackmon/.ndk-pkg/core/wrapper-target-cc -c -Qunused-arguments -fPIC -Wall -fno-common -Os -fvisibility=hidden -I/home/zackmon/.ndk-pkg/run/484146/android-21-armeabi-v7a/libspeexdsp/include -Qunused-arguments -include /home/zackmon/.ndk-pkg/run/484146/android-21-armeabi-v7a/libspeexdsp/include/ndk-pkg-common.h -DNDEBUG conftest.c >&5
configure:14646: $? = 0
configure:14646: /home/zackmon/.ndk-pkg/core/wrapper-target-cc -c -Qunused-arguments -fPIC -Wall -fno-common -Os -fvisibility=hidden -I/home/zackmon/.ndk-pkg/run/484146/android-21-armeabi-v7a/libspeexdsp/include -Qunused-arguments -include /home/zackmon/.ndk-pkg/run/484146/android-21-armeabi-v7a/libspeexdsp/include/ndk-pkg-common.h -DNDEBUG conftest.c >&5
conftest.c:64:24: error: 'test_array' declared as an array with a negative size
static int test_array [1 - 2 * !(((long int) (sizeof (short))) <= 0)];
                       ^~~~~~~~~~~~~~~~~~~~~~~~~~~~~~~~~~~~~~~~~~~~~
1 error generated.
configure:14646: $? = 1
configure: failed program was:
| /* confdefs.h */
| #define PACKAGE_NAME "speexdsp"
| #define PACKAGE_TARNAME "speexdsp"
| #define PACKAGE_VERSION "1.2.1"
| #define PACKAGE_STRING "speexdsp 1.2.1"
| #define PACKAGE_BUGREPORT "speex-dev@xiph.org"
| #define PACKAGE_URL ""
| #define HAVE_STDIO_H 1
| #define HAVE_STDLIB_H 1
| #define HAVE_STRING_H 1
| #define HAVE_INTTYPES_H 1
| #define HAVE_STDINT_H 1
| #define HAVE_STRINGS_H 1
| #define HAVE_SYS_STAT_H 1
| #define HAVE_SYS_TYPES_H 1
| #define HAVE_UNISTD_H 1
| #define STDC_HEADERS 1
| #define HAVE_DLFCN_H 1
| #define LT_OBJDIR ".libs/"
| #define restrict __restrict__
| #define VAR_ARRAYS /**/
| #define EXPORT __attribute__((visibility("default")))
| #define FLOATING_POINT /**/
| #define USE_NEON /**/
| #define USE_SMALLFT /**/
| #define SIZEOF_INT16_T 2
| #define SIZEOF_UINT16_T 2
| #define SIZEOF_U_INT16_T 2
| #define SIZEOF_INT32_T 4
| #define SIZEOF_UINT32_T 4
| #define SIZEOF_U_INT32_T 4
| /* end confdefs.h.  */
| #include <stddef.h>
| #ifdef HAVE_STDIO_H
| # include <stdio.h>
| #endif
| #ifdef HAVE_STDLIB_H
| # include <stdlib.h>
| #endif
| #ifdef HAVE_STRING_H
| # include <string.h>
| #endif
| #ifdef HAVE_INTTYPES_H
| # include <inttypes.h>
| #endif
| #ifdef HAVE_STDINT_H
| # include <stdint.h>
| #endif
| #ifdef HAVE_STRINGS_H
| # include <strings.h>
| #endif
| #ifdef HAVE_SYS_TYPES_H
| # include <sys/types.h>
| #endif
| #ifdef HAVE_SYS_STAT_H
| # include <sys/stat.h>
| #endif
| #ifdef HAVE_UNISTD_H
| # include <unistd.h>
| #endif
| int
| main (void)
| {
| static int test_array [1 - 2 * !(((long int) (sizeof (short))) <= 0)];
| test_array [0] = 0;
| return test_array [0];
| 
|   ;
|   return 0;
| }
configure:14646: /home/zackmon/.ndk-pkg/core/wrapper-target-cc -c -Qunused-arguments -fPIC -Wall -fno-common -Os -fvisibility=hidden -I/home/zackmon/.ndk-pkg/run/484146/android-21-armeabi-v7a/libspeexdsp/include -Qunused-arguments -include /home/zackmon/.ndk-pkg/run/484146/android-21-armeabi-v7a/libspeexdsp/include/ndk-pkg-common.h -DNDEBUG conftest.c >&5
conftest.c:64:24: error: 'test_array' declared as an array with a negative size
static int test_array [1 - 2 * !(((long int) (sizeof (short))) <= 1)];
                       ^~~~~~~~~~~~~~~~~~~~~~~~~~~~~~~~~~~~~~~~~~~~~
1 error generated.
configure:14646: $? = 1
configure: failed program was:
| /* confdefs.h */
| #define PACKAGE_NAME "speexdsp"
| #define PACKAGE_TARNAME "speexdsp"
| #define PACKAGE_VERSION "1.2.1"
| #define PACKAGE_STRING "speexdsp 1.2.1"
| #define PACKAGE_BUGREPORT "speex-dev@xiph.org"
| #define PACKAGE_URL ""
| #define HAVE_STDIO_H 1
| #define HAVE_STDLIB_H 1
| #define HAVE_STRING_H 1
| #define HAVE_INTTYPES_H 1
| #define HAVE_STDINT_H 1
| #define HAVE_STRINGS_H 1
| #define HAVE_SYS_STAT_H 1
| #define HAVE_SYS_TYPES_H 1
| #define HAVE_UNISTD_H 1
| #define STDC_HEADERS 1
| #define HAVE_DLFCN_H 1
| #define LT_OBJDIR ".libs/"
| #define restrict __restrict__
| #define VAR_ARRAYS /**/
| #define EXPORT __attribute__((visibility("default")))
| #define FLOATING_POINT /**/
| #define USE_NEON /**/
| #define USE_SMALLFT /**/
| #define SIZEOF_INT16_T 2
| #define SIZEOF_UINT16_T 2
| #define SIZEOF_U_INT16_T 2
| #define SIZEOF_INT32_T 4
| #define SIZEOF_UINT32_T 4
| #define SIZEOF_U_INT32_T 4
| /* end confdefs.h.  */
| #include <stddef.h>
| #ifdef HAVE_STDIO_H
| # include <stdio.h>
| #endif
| #ifdef HAVE_STDLIB_H
| # include <stdlib.h>
| #endif
| #ifdef HAVE_STRING_H
| # include <string.h>
| #endif
| #ifdef HAVE_INTTYPES_H
| # include <inttypes.h>
| #endif
| #ifdef HAVE_STDINT_H
| # include <stdint.h>
| #endif
| #ifdef HAVE_STRINGS_H
| # include <strings.h>
| #endif
| #ifdef HAVE_SYS_TYPES_H
| # include <sys/types.h>
| #endif
| #ifdef HAVE_SYS_STAT_H
| # include <sys/stat.h>
| #endif
| #ifdef HAVE_UNISTD_H
| # include <unistd.h>
| #endif
| int
| main (void)
| {
| static int test_array [1 - 2 * !(((long int) (sizeof (short))) <= 1)];
| test_array [0] = 0;
| return test_array [0];
| 
|   ;
|   return 0;
| }
configure:14646: /home/zackmon/.ndk-pkg/core/wrapper-target-cc -c -Qunused-arguments -fPIC -Wall -fno-common -Os -fvisibility=hidden -I/home/zackmon/.ndk-pkg/run/484146/android-21-armeabi-v7a/libspeexdsp/include -Qunused-arguments -include /home/zackmon/.ndk-pkg/run/484146/android-21-armeabi-v7a/libspeexdsp/include/ndk-pkg-common.h -DNDEBUG conftest.c >&5
configure:14646: $? = 0
configure:14646: /home/zackmon/.ndk-pkg/core/wrapper-target-cc -c -Qunused-arguments -fPIC -Wall -fno-common -Os -fvisibility=hidden -I/home/zackmon/.ndk-pkg/run/484146/android-21-armeabi-v7a/libspeexdsp/include -Qunused-arguments -include /home/zackmon/.ndk-pkg/run/484146/android-21-armeabi-v7a/libspeexdsp/include/ndk-pkg-common.h -DNDEBUG conftest.c >&5
configure:14646: $? = 0
configure:14661: result: 2
configure:14673: checking size of int
configure:14679: /home/zackmon/.ndk-pkg/core/wrapper-target-cc -c -Qunused-arguments -fPIC -Wall -fno-common -Os -fvisibility=hidden -I/home/zackmon/.ndk-pkg/run/484146/android-21-armeabi-v7a/libspeexdsp/include -Qunused-arguments -include /home/zackmon/.ndk-pkg/run/484146/android-21-armeabi-v7a/libspeexdsp/include/ndk-pkg-common.h -DNDEBUG conftest.c >&5
configure:14679: $? = 0
configure:14679: /home/zackmon/.ndk-pkg/core/wrapper-target-cc -c -Qunused-arguments -fPIC -Wall -fno-common -Os -fvisibility=hidden -I/home/zackmon/.ndk-pkg/run/484146/android-21-armeabi-v7a/libspeexdsp/include -Qunused-arguments -include /home/zackmon/.ndk-pkg/run/484146/android-21-armeabi-v7a/libspeexdsp/include/ndk-pkg-common.h -DNDEBUG conftest.c >&5
conftest.c:65:24: error: 'test_array' declared as an array with a negative size
static int test_array [1 - 2 * !(((long int) (sizeof (int))) <= 0)];
                       ^~~~~~~~~~~~~~~~~~~~~~~~~~~~~~~~~~~~~~~~~~~
1 error generated.
configure:14679: $? = 1
configure: failed program was:
| /* confdefs.h */
| #define PACKAGE_NAME "speexdsp"
| #define PACKAGE_TARNAME "speexdsp"
| #define PACKAGE_VERSION "1.2.1"
| #define PACKAGE_STRING "speexdsp 1.2.1"
| #define PACKAGE_BUGREPORT "speex-dev@xiph.org"
| #define PACKAGE_URL ""
| #define HAVE_STDIO_H 1
| #define HAVE_STDLIB_H 1
| #define HAVE_STRING_H 1
| #define HAVE_INTTYPES_H 1
| #define HAVE_STDINT_H 1
| #define HAVE_STRINGS_H 1
| #define HAVE_SYS_STAT_H 1
| #define HAVE_SYS_TYPES_H 1
| #define HAVE_UNISTD_H 1
| #define STDC_HEADERS 1
| #define HAVE_DLFCN_H 1
| #define LT_OBJDIR ".libs/"
| #define restrict __restrict__
| #define VAR_ARRAYS /**/
| #define EXPORT __attribute__((visibility("default")))
| #define FLOATING_POINT /**/
| #define USE_NEON /**/
| #define USE_SMALLFT /**/
| #define SIZEOF_INT16_T 2
| #define SIZEOF_UINT16_T 2
| #define SIZEOF_U_INT16_T 2
| #define SIZEOF_INT32_T 4
| #define SIZEOF_UINT32_T 4
| #define SIZEOF_U_INT32_T 4
| #define SIZEOF_SHORT 2
| /* end confdefs.h.  */
| #include <stddef.h>
| #ifdef HAVE_STDIO_H
| # include <stdio.h>
| #endif
| #ifdef HAVE_STDLIB_H
| # include <stdlib.h>
| #endif
| #ifdef HAVE_STRING_H
| # include <string.h>
| #endif
| #ifdef HAVE_INTTYPES_H
| # include <inttypes.h>
| #endif
| #ifdef HAVE_STDINT_H
| # include <stdint.h>
| #endif
| #ifdef HAVE_STRINGS_H
| # include <strings.h>
| #endif
| #ifdef HAVE_SYS_TYPES_H
| # include <sys/types.h>
| #endif
| #ifdef HAVE_SYS_STAT_H
| # include <sys/stat.h>
| #endif
| #ifdef HAVE_UNISTD_H
| # include <unistd.h>
| #endif
| int
| main (void)
| {
| static int test_array [1 - 2 * !(((long int) (sizeof (int))) <= 0)];
| test_array [0] = 0;
| return test_array [0];
| 
|   ;
|   return 0;
| }
configure:14679: /home/zackmon/.ndk-pkg/core/wrapper-target-cc -c -Qunused-arguments -fPIC -Wall -fno-common -Os -fvisibility=hidden -I/home/zackmon/.ndk-pkg/run/484146/android-21-armeabi-v7a/libspeexdsp/include -Qunused-arguments -include /home/zackmon/.ndk-pkg/run/484146/android-21-armeabi-v7a/libspeexdsp/include/ndk-pkg-common.h -DNDEBUG conftest.c >&5
conftest.c:65:24: error: 'test_array' declared as an array with a negative size
static int test_array [1 - 2 * !(((long int) (sizeof (int))) <= 1)];
                       ^~~~~~~~~~~~~~~~~~~~~~~~~~~~~~~~~~~~~~~~~~~
1 error generated.
configure:14679: $? = 1
configure: failed program was:
| /* confdefs.h */
| #define PACKAGE_NAME "speexdsp"
| #define PACKAGE_TARNAME "speexdsp"
| #define PACKAGE_VERSION "1.2.1"
| #define PACKAGE_STRING "speexdsp 1.2.1"
| #define PACKAGE_BUGREPORT "speex-dev@xiph.org"
| #define PACKAGE_URL ""
| #define HAVE_STDIO_H 1
| #define HAVE_STDLIB_H 1
| #define HAVE_STRING_H 1
| #define HAVE_INTTYPES_H 1
| #define HAVE_STDINT_H 1
| #define HAVE_STRINGS_H 1
| #define HAVE_SYS_STAT_H 1
| #define HAVE_SYS_TYPES_H 1
| #define HAVE_UNISTD_H 1
| #define STDC_HEADERS 1
| #define HAVE_DLFCN_H 1
| #define LT_OBJDIR ".libs/"
| #define restrict __restrict__
| #define VAR_ARRAYS /**/
| #define EXPORT __attribute__((visibility("default")))
| #define FLOATING_POINT /**/
| #define USE_NEON /**/
| #define USE_SMALLFT /**/
| #define SIZEOF_INT16_T 2
| #define SIZEOF_UINT16_T 2
| #define SIZEOF_U_INT16_T 2
| #define SIZEOF_INT32_T 4
| #define SIZEOF_UINT32_T 4
| #define SIZEOF_U_INT32_T 4
| #define SIZEOF_SHORT 2
| /* end confdefs.h.  */
| #include <stddef.h>
| #ifdef HAVE_STDIO_H
| # include <stdio.h>
| #endif
| #ifdef HAVE_STDLIB_H
| # include <stdlib.h>
| #endif
| #ifdef HAVE_STRING_H
| # include <string.h>
| #endif
| #ifdef HAVE_INTTYPES_H
| # include <inttypes.h>
| #endif
| #ifdef HAVE_STDINT_H
| # include <stdint.h>
| #endif
| #ifdef HAVE_STRINGS_H
| # include <strings.h>
| #endif
| #ifdef HAVE_SYS_TYPES_H
| # include <sys/types.h>
| #endif
| #ifdef HAVE_SYS_STAT_H
| # include <sys/stat.h>
| #endif
| #ifdef HAVE_UNISTD_H
| # include <unistd.h>
| #endif
| int
| main (void)
| {
| static int test_array [1 - 2 * !(((long int) (sizeof (int))) <= 1)];
| test_array [0] = 0;
| return test_array [0];
| 
|   ;
|   return 0;
| }
configure:14679: /home/zackmon/.ndk-pkg/core/wrapper-target-cc -c -Qunused-arguments -fPIC -Wall -fno-common -Os -fvisibility=hidden -I/home/zackmon/.ndk-pkg/run/484146/android-21-armeabi-v7a/libspeexdsp/include -Qunused-arguments -include /home/zackmon/.ndk-pkg/run/484146/android-21-armeabi-v7a/libspeexdsp/include/ndk-pkg-common.h -DNDEBUG conftest.c >&5
conftest.c:65:24: error: 'test_array' declared as an array with a negative size
static int test_array [1 - 2 * !(((long int) (sizeof (int))) <= 3)];
                       ^~~~~~~~~~~~~~~~~~~~~~~~~~~~~~~~~~~~~~~~~~~
1 error generated.
configure:14679: $? = 1
configure: failed program was:
| /* confdefs.h */
| #define PACKAGE_NAME "speexdsp"
| #define PACKAGE_TARNAME "speexdsp"
| #define PACKAGE_VERSION "1.2.1"
| #define PACKAGE_STRING "speexdsp 1.2.1"
| #define PACKAGE_BUGREPORT "speex-dev@xiph.org"
| #define PACKAGE_URL ""
| #define HAVE_STDIO_H 1
| #define HAVE_STDLIB_H 1
| #define HAVE_STRING_H 1
| #define HAVE_INTTYPES_H 1
| #define HAVE_STDINT_H 1
| #define HAVE_STRINGS_H 1
| #define HAVE_SYS_STAT_H 1
| #define HAVE_SYS_TYPES_H 1
| #define HAVE_UNISTD_H 1
| #define STDC_HEADERS 1
| #define HAVE_DLFCN_H 1
| #define LT_OBJDIR ".libs/"
| #define restrict __restrict__
| #define VAR_ARRAYS /**/
| #define EXPORT __attribute__((visibility("default")))
| #define FLOATING_POINT /**/
| #define USE_NEON /**/
| #define USE_SMALLFT /**/
| #define SIZEOF_INT16_T 2
| #define SIZEOF_UINT16_T 2
| #define SIZEOF_U_INT16_T 2
| #define SIZEOF_INT32_T 4
| #define SIZEOF_UINT32_T 4
| #define SIZEOF_U_INT32_T 4
| #define SIZEOF_SHORT 2
| /* end confdefs.h.  */
| #include <stddef.h>
| #ifdef HAVE_STDIO_H
| # include <stdio.h>
| #endif
| #ifdef HAVE_STDLIB_H
| # include <stdlib.h>
| #endif
| #ifdef HAVE_STRING_H
| # include <string.h>
| #endif
| #ifdef HAVE_INTTYPES_H
| # include <inttypes.h>
| #endif
| #ifdef HAVE_STDINT_H
| # include <stdint.h>
| #endif
| #ifdef HAVE_STRINGS_H
| # include <strings.h>
| #endif
| #ifdef HAVE_SYS_TYPES_H
| # include <sys/types.h>
| #endif
| #ifdef HAVE_SYS_STAT_H
| # include <sys/stat.h>
| #endif
| #ifdef HAVE_UNISTD_H
| # include <unistd.h>
| #endif
| int
| main (void)
| {
| static int test_array [1 - 2 * !(((long int) (sizeof (int))) <= 3)];
| test_array [0] = 0;
| return test_array [0];
| 
|   ;
|   return 0;
| }
configure:14679: /home/zackmon/.ndk-pkg/core/wrapper-target-cc -c -Qunused-arguments -fPIC -Wall -fno-common -Os -fvisibility=hidden -I/home/zackmon/.ndk-pkg/run/484146/android-21-armeabi-v7a/libspeexdsp/include -Qunused-arguments -include /home/zackmon/.ndk-pkg/run/484146/android-21-armeabi-v7a/libspeexdsp/include/ndk-pkg-common.h -DNDEBUG conftest.c >&5
configure:14679: $? = 0
configure:14679: /home/zackmon/.ndk-pkg/core/wrapper-target-cc -c -Qunused-arguments -fPIC -Wall -fno-common -Os -fvisibility=hidden -I/home/zackmon/.ndk-pkg/run/484146/android-21-armeabi-v7a/libspeexdsp/include -Qunused-arguments -include /home/zackmon/.ndk-pkg/run/484146/android-21-armeabi-v7a/libspeexdsp/include/ndk-pkg-common.h -DNDEBUG conftest.c >&5
configure:14679: $? = 0
configure:14679: /home/zackmon/.ndk-pkg/core/wrapper-target-cc -c -Qunused-arguments -fPIC -Wall -fno-common -Os -fvisibility=hidden -I/home/zackmon/.ndk-pkg/run/484146/android-21-armeabi-v7a/libspeexdsp/include -Qunused-arguments -include /home/zackmon/.ndk-pkg/run/484146/android-21-armeabi-v7a/libspeexdsp/include/ndk-pkg-common.h -DNDEBUG conftest.c >&5
configure:14679: $? = 0
configure:14694: result: 4
configure:14706: checking size of long
configure:14712: /home/zackmon/.ndk-pkg/core/wrapper-target-cc -c -Qunused-arguments -fPIC -Wall -fno-common -Os -fvisibility=hidden -I/home/zackmon/.ndk-pkg/run/484146/android-21-armeabi-v7a/libspeexdsp/include -Qunused-arguments -include /home/zackmon/.ndk-pkg/run/484146/android-21-armeabi-v7a/libspeexdsp/include/ndk-pkg-common.h -DNDEBUG conftest.c >&5
configure:14712: $? = 0
configure:14712: /home/zackmon/.ndk-pkg/core/wrapper-target-cc -c -Qunused-arguments -fPIC -Wall -fno-common -Os -fvisibility=hidden -I/home/zackmon/.ndk-pkg/run/484146/android-21-armeabi-v7a/libspeexdsp/include -Qunused-arguments -include /home/zackmon/.ndk-pkg/run/484146/android-21-armeabi-v7a/libspeexdsp/include/ndk-pkg-common.h -DNDEBUG conftest.c >&5
conftest.c:66:24: error: 'test_array' declared as an array with a negative size
static int test_array [1 - 2 * !(((long int) (sizeof (long))) <= 0)];
                       ^~~~~~~~~~~~~~~~~~~~~~~~~~~~~~~~~~~~~~~~~~~~
1 error generated.
configure:14712: $? = 1
configure: failed program was:
| /* confdefs.h */
| #define PACKAGE_NAME "speexdsp"
| #define PACKAGE_TARNAME "speexdsp"
| #define PACKAGE_VERSION "1.2.1"
| #define PACKAGE_STRING "speexdsp 1.2.1"
| #define PACKAGE_BUGREPORT "speex-dev@xiph.org"
| #define PACKAGE_URL ""
| #define HAVE_STDIO_H 1
| #define HAVE_STDLIB_H 1
| #define HAVE_STRING_H 1
| #define HAVE_INTTYPES_H 1
| #define HAVE_STDINT_H 1
| #define HAVE_STRINGS_H 1
| #define HAVE_SYS_STAT_H 1
| #define HAVE_SYS_TYPES_H 1
| #define HAVE_UNISTD_H 1
| #define STDC_HEADERS 1
| #define HAVE_DLFCN_H 1
| #define LT_OBJDIR ".libs/"
| #define restrict __restrict__
| #define VAR_ARRAYS /**/
| #define EXPORT __attribute__((visibility("default")))
| #define FLOATING_POINT /**/
| #define USE_NEON /**/
| #define USE_SMALLFT /**/
| #define SIZEOF_INT16_T 2
| #define SIZEOF_UINT16_T 2
| #define SIZEOF_U_INT16_T 2
| #define SIZEOF_INT32_T 4
| #define SIZEOF_UINT32_T 4
| #define SIZEOF_U_INT32_T 4
| #define SIZEOF_SHORT 2
| #define SIZEOF_INT 4
| /* end confdefs.h.  */
| #include <stddef.h>
| #ifdef HAVE_STDIO_H
| # include <stdio.h>
| #endif
| #ifdef HAVE_STDLIB_H
| # include <stdlib.h>
| #endif
| #ifdef HAVE_STRING_H
| # include <string.h>
| #endif
| #ifdef HAVE_INTTYPES_H
| # include <inttypes.h>
| #endif
| #ifdef HAVE_STDINT_H
| # include <stdint.h>
| #endif
| #ifdef HAVE_STRINGS_H
| # include <strings.h>
| #endif
| #ifdef HAVE_SYS_TYPES_H
| # include <sys/types.h>
| #endif
| #ifdef HAVE_SYS_STAT_H
| # include <sys/stat.h>
| #endif
| #ifdef HAVE_UNISTD_H
| # include <unistd.h>
| #endif
| int
| main (void)
| {
| static int test_array [1 - 2 * !(((long int) (sizeof (long))) <= 0)];
| test_array [0] = 0;
| return test_array [0];
| 
|   ;
|   return 0;
| }
configure:14712: /home/zackmon/.ndk-pkg/core/wrapper-target-cc -c -Qunused-arguments -fPIC -Wall -fno-common -Os -fvisibility=hidden -I/home/zackmon/.ndk-pkg/run/484146/android-21-armeabi-v7a/libspeexdsp/include -Qunused-arguments -include /home/zackmon/.ndk-pkg/run/484146/android-21-armeabi-v7a/libspeexdsp/include/ndk-pkg-common.h -DNDEBUG conftest.c >&5
conftest.c:66:24: error: 'test_array' declared as an array with a negative size
static int test_array [1 - 2 * !(((long int) (sizeof (long))) <= 1)];
                       ^~~~~~~~~~~~~~~~~~~~~~~~~~~~~~~~~~~~~~~~~~~~
1 error generated.
configure:14712: $? = 1
configure: failed program was:
| /* confdefs.h */
| #define PACKAGE_NAME "speexdsp"
| #define PACKAGE_TARNAME "speexdsp"
| #define PACKAGE_VERSION "1.2.1"
| #define PACKAGE_STRING "speexdsp 1.2.1"
| #define PACKAGE_BUGREPORT "speex-dev@xiph.org"
| #define PACKAGE_URL ""
| #define HAVE_STDIO_H 1
| #define HAVE_STDLIB_H 1
| #define HAVE_STRING_H 1
| #define HAVE_INTTYPES_H 1
| #define HAVE_STDINT_H 1
| #define HAVE_STRINGS_H 1
| #define HAVE_SYS_STAT_H 1
| #define HAVE_SYS_TYPES_H 1
| #define HAVE_UNISTD_H 1
| #define STDC_HEADERS 1
| #define HAVE_DLFCN_H 1
| #define LT_OBJDIR ".libs/"
| #define restrict __restrict__
| #define VAR_ARRAYS /**/
| #define EXPORT __attribute__((visibility("default")))
| #define FLOATING_POINT /**/
| #define USE_NEON /**/
| #define USE_SMALLFT /**/
| #define SIZEOF_INT16_T 2
| #define SIZEOF_UINT16_T 2
| #define SIZEOF_U_INT16_T 2
| #define SIZEOF_INT32_T 4
| #define SIZEOF_UINT32_T 4
| #define SIZEOF_U_INT32_T 4
| #define SIZEOF_SHORT 2
| #define SIZEOF_INT 4
| /* end confdefs.h.  */
| #include <stddef.h>
| #ifdef HAVE_STDIO_H
| # include <stdio.h>
| #endif
| #ifdef HAVE_STDLIB_H
| # include <stdlib.h>
| #endif
| #ifdef HAVE_STRING_H
| # include <string.h>
| #endif
| #ifdef HAVE_INTTYPES_H
| # include <inttypes.h>
| #endif
| #ifdef HAVE_STDINT_H
| # include <stdint.h>
| #endif
| #ifdef HAVE_STRINGS_H
| # include <strings.h>
| #endif
| #ifdef HAVE_SYS_TYPES_H
| # include <sys/types.h>
| #endif
| #ifdef HAVE_SYS_STAT_H
| # include <sys/stat.h>
| #endif
| #ifdef HAVE_UNISTD_H
| # include <unistd.h>
| #endif
| int
| main (void)
| {
| static int test_array [1 - 2 * !(((long int) (sizeof (long))) <= 1)];
| test_array [0] = 0;
| return test_array [0];
| 
|   ;
|   return 0;
| }
configure:14712: /home/zackmon/.ndk-pkg/core/wrapper-target-cc -c -Qunused-arguments -fPIC -Wall -fno-common -Os -fvisibility=hidden -I/home/zackmon/.ndk-pkg/run/484146/android-21-armeabi-v7a/libspeexdsp/include -Qunused-arguments -include /home/zackmon/.ndk-pkg/run/484146/android-21-armeabi-v7a/libspeexdsp/include/ndk-pkg-common.h -DNDEBUG conftest.c >&5
conftest.c:66:24: error: 'test_array' declared as an array with a negative size
static int test_array [1 - 2 * !(((long int) (sizeof (long))) <= 3)];
                       ^~~~~~~~~~~~~~~~~~~~~~~~~~~~~~~~~~~~~~~~~~~~
1 error generated.
configure:14712: $? = 1
configure: failed program was:
| /* confdefs.h */
| #define PACKAGE_NAME "speexdsp"
| #define PACKAGE_TARNAME "speexdsp"
| #define PACKAGE_VERSION "1.2.1"
| #define PACKAGE_STRING "speexdsp 1.2.1"
| #define PACKAGE_BUGREPORT "speex-dev@xiph.org"
| #define PACKAGE_URL ""
| #define HAVE_STDIO_H 1
| #define HAVE_STDLIB_H 1
| #define HAVE_STRING_H 1
| #define HAVE_INTTYPES_H 1
| #define HAVE_STDINT_H 1
| #define HAVE_STRINGS_H 1
| #define HAVE_SYS_STAT_H 1
| #define HAVE_SYS_TYPES_H 1
| #define HAVE_UNISTD_H 1
| #define STDC_HEADERS 1
| #define HAVE_DLFCN_H 1
| #define LT_OBJDIR ".libs/"
| #define restrict __restrict__
| #define VAR_ARRAYS /**/
| #define EXPORT __attribute__((visibility("default")))
| #define FLOATING_POINT /**/
| #define USE_NEON /**/
| #define USE_SMALLFT /**/
| #define SIZEOF_INT16_T 2
| #define SIZEOF_UINT16_T 2
| #define SIZEOF_U_INT16_T 2
| #define SIZEOF_INT32_T 4
| #define SIZEOF_UINT32_T 4
| #define SIZEOF_U_INT32_T 4
| #define SIZEOF_SHORT 2
| #define SIZEOF_INT 4
| /* end confdefs.h.  */
| #include <stddef.h>
| #ifdef HAVE_STDIO_H
| # include <stdio.h>
| #endif
| #ifdef HAVE_STDLIB_H
| # include <stdlib.h>
| #endif
| #ifdef HAVE_STRING_H
| # include <string.h>
| #endif
| #ifdef HAVE_INTTYPES_H
| # include <inttypes.h>
| #endif
| #ifdef HAVE_STDINT_H
| # include <stdint.h>
| #endif
| #ifdef HAVE_STRINGS_H
| # include <strings.h>
| #endif
| #ifdef HAVE_SYS_TYPES_H
| # include <sys/types.h>
| #endif
| #ifdef HAVE_SYS_STAT_H
| # include <sys/stat.h>
| #endif
| #ifdef HAVE_UNISTD_H
| # include <unistd.h>
| #endif
| int
| main (void)
| {
| static int test_array [1 - 2 * !(((long int) (sizeof (long))) <= 3)];
| test_array [0] = 0;
| return test_array [0];
| 
|   ;
|   return 0;
| }
configure:14712: /home/zackmon/.ndk-pkg/core/wrapper-target-cc -c -Qunused-arguments -fPIC -Wall -fno-common -Os -fvisibility=hidden -I/home/zackmon/.ndk-pkg/run/484146/android-21-armeabi-v7a/libspeexdsp/include -Qunused-arguments -include /home/zackmon/.ndk-pkg/run/484146/android-21-armeabi-v7a/libspeexdsp/include/ndk-pkg-common.h -DNDEBUG conftest.c >&5
configure:14712: $? = 0
configure:14712: /home/zackmon/.ndk-pkg/core/wrapper-target-cc -c -Qunused-arguments -fPIC -Wall -fno-common -Os -fvisibility=hidden -I/home/zackmon/.ndk-pkg/run/484146/android-21-armeabi-v7a/libspeexdsp/include -Qunused-arguments -include /home/zackmon/.ndk-pkg/run/484146/android-21-armeabi-v7a/libspeexdsp/include/ndk-pkg-common.h -DNDEBUG conftest.c >&5
configure:14712: $? = 0
configure:14712: /home/zackmon/.ndk-pkg/core/wrapper-target-cc -c -Qunused-arguments -fPIC -Wall -fno-common -Os -fvisibility=hidden -I/home/zackmon/.ndk-pkg/run/484146/android-21-armeabi-v7a/libspeexdsp/include -Qunused-arguments -include /home/zackmon/.ndk-pkg/run/484146/android-21-armeabi-v7a/libspeexdsp/include/ndk-pkg-common.h -DNDEBUG conftest.c >&5
configure:14712: $? = 0
configure:14727: result: 4
configure:14919: checking that generated files are newer than configure
configure:14925: result: done
configure:14969: creating ./config.status

## ---------------------- ##
## Running config.status. ##
## ---------------------- ##

This file was extended by speexdsp config.status 1.2.1, which was
generated by GNU Autoconf 2.71.  Invocation command line was

  CONFIG_FILES    = 
  CONFIG_HEADERS  = 
  CONFIG_LINKS    = 
  CONFIG_COMMANDS = 
  $ ./config.status 

on zackmon-TRX40-DESIGNARE

config.status:1147: creating Makefile
config.status:1147: creating libspeexdsp/Makefile
config.status:1147: creating doc/Makefile
config.status:1147: creating SpeexDSP.spec
config.status:1147: creating include/Makefile
config.status:1147: creating include/speex/Makefile
config.status:1147: creating speexdsp.pc
config.status:1147: creating win32/Makefile
config.status:1147: creating win32/libspeexdsp/Makefile
config.status:1147: creating symbian/Makefile
config.status:1147: creating win32/VS2003/Makefile
config.status:1147: creating win32/VS2003/libspeexdsp/Makefile
config.status:1147: creating win32/VS2003/tests/Makefile
config.status:1147: creating win32/VS2005/Makefile
config.status:1147: creating win32/VS2005/libspeexdsp/Makefile
config.status:1147: creating win32/VS2005/tests/Makefile
config.status:1147: creating win32/VS2008/Makefile
config.status:1147: creating win32/VS2008/libspeexdsp/Makefile
config.status:1147: creating win32/VS2008/tests/Makefile
config.status:1147: creating include/speex/speexdsp_config_types.h
config.status:1147: creating ti/Makefile
config.status:1147: creating ti/speex_C54_test/Makefile
config.status:1147: creating ti/speex_C55_test/Makefile
config.status:1147: creating ti/speex_C64_test/Makefile
config.status:1147: creating config.h
config.status:1361: executing depfiles commands
config.status:1438: cd libspeexdsp       && sed -e '/# am--include-marker/d' Makefile         | make -f - am--depfiles
config.status:1443: $? = 0
config.status:1361: executing libtool commands

## ---------------- ##
## Cache variables. ##
## ---------------- ##

ac_cv_build=x86_64-pc-linux-gnu
ac_cv_c_bigendian=no
ac_cv_c_compiler_gnu=yes
ac_cv_c_const=yes
ac_cv_c_inline=inline
ac_cv_c_restrict=__restrict__
ac_cv_env_CC_set=set
ac_cv_env_CC_value=/home/zackmon/.ndk-pkg/core/wrapper-target-cc
ac_cv_env_CFLAGS_set=set
ac_cv_env_CFLAGS_value='-Qunused-arguments -fPIC -Wall -fno-common -Os'
ac_cv_env_CPPFLAGS_set=set
ac_cv_env_CPPFLAGS_value='-I/home/zackmon/.ndk-pkg/run/484146/android-21-armeabi-v7a/libspeexdsp/include -Qunused-arguments -include /home/zackmon/.ndk-pkg/run/484146/android-21-armeabi-v7a/libspeexdsp/include/ndk-pkg-common.h -DNDEBUG'
ac_cv_env_FFT_CFLAGS_set=
ac_cv_env_FFT_CFLAGS_value=
ac_cv_env_FFT_LIBS_set=
ac_cv_env_FFT_LIBS_value=
ac_cv_env_LDFLAGS_set=set
ac_cv_env_LDFLAGS_value='-L/home/zackmon/.ndk-pkg/run/484146/android-21-armeabi-v7a/libspeexdsp/lib -Wl,--as-needed -Wl,-z,muldefs -Wl,--allow-multiple-definition -flto -Wl,-s'
ac_cv_env_LIBS_set=set
ac_cv_env_LIBS_value=-lm
ac_cv_env_LT_SYS_LIBRARY_PATH_set=
ac_cv_env_LT_SYS_LIBRARY_PATH_value=
ac_cv_env_PKG_CONFIG_LIBDIR_set=set
ac_cv_env_PKG_CONFIG_LIBDIR_value=/home/zackmon/.ndk-pkg/run/484146/android-21-armeabi-v7a/libspeexdsp/lib/pkgconfig
ac_cv_env_PKG_CONFIG_PATH_set=set
ac_cv_env_PKG_CONFIG_PATH_value=/home/zackmon/.ndk-pkg/run/484146/android-21-armeabi-v7a/libspeexdsp/lib/pkgconfig
ac_cv_env_PKG_CONFIG_set=set
ac_cv_env_PKG_CONFIG_value=/home/zackmon/.ndk-pkg/uppm/installed/pkg-config/bin/pkg-config
ac_cv_env_build_alias_set=
ac_cv_env_build_alias_value=
ac_cv_env_host_alias_set=set
ac_cv_env_host_alias_value=armv7a-linux-androideabi
ac_cv_env_target_alias_set=
ac_cv_env_target_alias_value=
ac_cv_func___freadahead=no
ac_cv_func___freading=no
ac_cv_func___fseterr=no
ac_cv_func___fsetlocking=no
ac_cv_func___fwriting=no
ac_cv_func___malloc_hook=no
ac_cv_func_calloc=yes
ac_cv_func_calloc_0_nonnull=yes
ac_cv_func_ctermid=no
ac_cv_func_endpwent=no
ac_cv_func_faccessat=yes
ac_cv_func_ffsl=yes
ac_cv_func_fmemopen=no
ac_cv_func_free=yes
ac_cv_func_futimes=no
ac_cv_func_futimesat=no
ac_cv_func_fwrite_unlocked=no
ac_cv_func_getgrgid_r=no
ac_cv_func_getgrnam_r=no
ac_cv_func_getpwent=no
ac_cv_func_getrandom=no
ac_cv_func_isblank=yes
ac_cv_func_lutimes=no
ac_cv_func_malloc=yes
ac_cv_func_malloc_0_nonnull=yes
ac_cv_func_mempcpy=no
ac_cv_func_memset=yes
ac_cv_func_memset_explicit=no
ac_cv_func_mkostemp=no
ac_cv_func_nl_langinfo=no
ac_cv_func_posix_spawn_file_actions_addclose=no
ac_cv_func_posix_spawn_file_actions_adddup2=no
ac_cv_func_posix_spawn_file_actions_destroy=no
ac_cv_func_posix_spawn_file_actions_init=no
ac_cv_func_posix_spawnp=no
ac_cv_func_pow=yes
ac_cv_func_realloc=yes
ac_cv_func_realloc_0_nonnull=yes
ac_cv_func_reallocarray=no
ac_cv_func_setpwent=no
ac_cv_func_sigsetmask=no
ac_cv_func_snprintf=yes
ac_cv_func_statx=no
ac_cv_func_stpcpy=yes
ac_cv_func_strcasecmp=yes
ac_cv_func_strchr=yes
ac_cv_func_strcpy=yes
ac_cv_func_strdup=yes
ac_cv_func_strerror=yes
ac_cv_func_strerror_l=no
ac_cv_func_strndup=yes
ac_cv_func_strstr=yes
ac_cv_func_strtol=yes
ac_cv_func_syncfs=no
ac_cv_func_vsnprintf=yes
ac_cv_func_wcslen=yes
ac_cv_func_wmempcpy=no
ac_cv_header_dlfcn_h=yes
ac_cv_header_inttypes_h=yes
ac_cv_header_stdint_h=yes
ac_cv_header_stdio_h=yes
ac_cv_header_stdlib_h=yes
ac_cv_header_string_h=yes
ac_cv_header_strings_h=yes
ac_cv_header_sys_audioio_h=no
ac_cv_header_sys_soundcard_h=no
ac_cv_header_sys_stat_h=yes
ac_cv_header_sys_types_h=yes
ac_cv_header_unistd_h=yes
ac_cv_host=armv7a-unknown-linux-androideabi
ac_cv_lib_m_cos=yes
ac_cv_lib_m_sqrt=yes
ac_cv_objext=o
ac_cv_path_EGREP='/home/zackmon/.ndk-pkg/uppm/installed/grep/bin/grep -E'
ac_cv_path_FGREP='/home/zackmon/.ndk-pkg/uppm/installed/grep/bin/grep -F'
ac_cv_path_GREP=/home/zackmon/.ndk-pkg/uppm/installed/grep/bin/grep
ac_cv_path_SED=/home/zackmon/.ndk-pkg/uppm/installed/gsed/bin/sed
ac_cv_path_install='/home/zackmon/.ndk-pkg/uppm/installed/coreutils/bin/install -c'
ac_cv_path_lt_DD=/home/zackmon/.ndk-pkg/uppm/installed/coreutils/bin/dd
ac_cv_path_mkdir=/home/zackmon/.ndk-pkg/uppm/installed/coreutils/bin/mkdir
ac_cv_prog_AR=/home/zackmon/.ndk-pkg/uppm/installed/android-ndk-r26d/toolchains/llvm/prebuilt/linux-x86_64/bin/llvm-ar
ac_cv_prog_AWK=gawk
ac_cv_prog_CC=/home/zackmon/.ndk-pkg/core/wrapper-target-cc
ac_cv_prog_DLLTOOL=dlltool
ac_cv_prog_OBJDUMP=/home/zackmon/.ndk-pkg/uppm/installed/android-ndk-r26d/toolchains/llvm/prebuilt/linux-x86_64/bin/llvm-objdump
ac_cv_prog_RANLIB=/home/zackmon/.ndk-pkg/uppm/installed/android-ndk-r26d/toolchains/llvm/prebuilt/linux-x86_64/bin/llvm-ranlib
ac_cv_prog_STRIP=/home/zackmon/.ndk-pkg/uppm/installed/android-ndk-r26d/toolchains/llvm/prebuilt/linux-x86_64/bin/llvm-strip
ac_cv_prog_ac_ct_FILECMD=file
ac_cv_prog_ac_ct_MANIFEST_TOOL=mt
ac_cv_prog_cc_c11=
ac_cv_prog_cc_g=yes
ac_cv_prog_cc_stdc=
ac_cv_prog_make_make_set=yes
ac_cv_search_ceil=-lm
ac_cv_search_log=-lm
ac_cv_sizeof_int16_t=2
ac_cv_sizeof_int32_t=4
ac_cv_sizeof_int=4
ac_cv_sizeof_long=4
ac_cv_sizeof_short=2
ac_cv_sizeof_u_int16_t=2
ac_cv_sizeof_u_int32_t=4
ac_cv_sizeof_uint16_t=2
ac_cv_sizeof_uint32_t=4
am_cv_CC_dependencies_compiler_type=gcc3
am_cv_make_support_nested_variables=yes
am_cv_prog_cc_c_o=yes
lt_cv_ar_at_file=@
lt_cv_archive_cmds_need_lc=no
lt_cv_deplibs_check_method=pass_all
lt_cv_file_magic_cmd='$MAGIC_CMD'
lt_cv_file_magic_test_file=
lt_cv_ld_reload_flag=-r
lt_cv_nm_interface='BSD nm'
lt_cv_objdir=.libs
lt_cv_path_LD=/home/zackmon/.ndk-pkg/uppm/installed/android-ndk-r26d/toolchains/llvm/prebuilt/linux-x86_64/bin/ld.lld
lt_cv_path_NM=/home/zackmon/.ndk-pkg/uppm/installed/android-ndk-r26d/toolchains/llvm/prebuilt/linux-x86_64/bin/llvm-nm
lt_cv_path_mainfest_tool=no
lt_cv_prog_compiler_c_o=yes
lt_cv_prog_compiler_pic='-fPIC -DPIC'
lt_cv_prog_compiler_pic_works=yes
lt_cv_prog_compiler_rtti_exceptions=yes
lt_cv_prog_compiler_static_works=no
lt_cv_prog_gnu_ld=yes
lt_cv_sharedlib_from_linklib_cmd='printf %s\n'
lt_cv_sys_global_symbol_pipe='/home/zackmon/.ndk-pkg/uppm/installed/gsed/bin/sed -n -e '\''s/^.*[	 ]\([ABCDGIRSTW][ABCDGIRSTW]*\)[	 ][	 ]*\([_A-Za-z][_A-Za-z0-9]*\)$/\1 \2 \2/p'\'' | /home/zackmon/.ndk-pkg/uppm/installed/gsed/bin/sed '\''/ __gnu_lto/d'\'''
lt_cv_sys_global_symbol_to_c_name_address='/home/zackmon/.ndk-pkg/uppm/installed/gsed/bin/sed -n -e '\''s/^: \(.*\) .*$/  {"\1", (void *) 0},/p'\'' -e '\''s/^[ABCDGIRSTW][ABCDGIRSTW]* .* \(.*\)$/  {"\1", (void *) \&\1},/p'\'''
lt_cv_sys_global_symbol_to_c_name_address_lib_prefix='/home/zackmon/.ndk-pkg/uppm/installed/gsed/bin/sed -n -e '\''s/^: \(.*\) .*$/  {"\1", (void *) 0},/p'\'' -e '\''s/^[ABCDGIRSTW][ABCDGIRSTW]* .* \(lib.*\)$/  {"\1", (void *) \&\1},/p'\'' -e '\''s/^[ABCDGIRSTW][ABCDGIRSTW]* .* \(.*\)$/  {"lib\1", (void *) \&\1},/p'\'''
lt_cv_sys_global_symbol_to_cdecl='/home/zackmon/.ndk-pkg/uppm/installed/gsed/bin/sed -n -e '\''s/^T .* \(.*\)$/extern int \1();/p'\'' -e '\''s/^[ABCDGIRSTW][ABCDGIRSTW]* .* \(.*\)$/extern char \1;/p'\'''
lt_cv_sys_global_symbol_to_import=
lt_cv_sys_max_cmd_len=1572864
lt_cv_to_host_file_cmd=func_convert_file_noop
lt_cv_to_tool_file_cmd=func_convert_file_noop
lt_cv_truncate_bin='/home/zackmon/.ndk-pkg/uppm/installed/coreutils/bin/dd bs=4096 count=1'

## ----------------- ##
## Output variables. ##
## ----------------- ##

ACLOCAL='${SHELL} '\''/home/zackmon/.ndk-pkg/run/484146/android-21-armeabi-v7a/libspeexdsp/src/missing'\'' aclocal-1.16'
AMDEPBACKSLASH='\'
AMDEP_FALSE='#'
AMDEP_TRUE=''
AMTAR='$${TAR-tar}'
AM_BACKSLASH='\'
AM_DEFAULT_V='$(AM_DEFAULT_VERBOSITY)'
AM_DEFAULT_VERBOSITY='0'
AM_V='$(V)'
AR='/home/zackmon/.ndk-pkg/uppm/installed/android-ndk-r26d/toolchains/llvm/prebuilt/linux-x86_64/bin/llvm-ar'
AS='/home/zackmon/.ndk-pkg/uppm/installed/android-ndk-r26d/toolchains/llvm/prebuilt/linux-x86_64/bin/llvm-as'
AUTOCONF='${SHELL} '\''/home/zackmon/.ndk-pkg/run/484146/android-21-armeabi-v7a/libspeexdsp/src/missing'\'' autoconf'
AUTOHEADER='${SHELL} '\''/home/zackmon/.ndk-pkg/run/484146/android-21-armeabi-v7a/libspeexdsp/src/missing'\'' autoheader'
AUTOMAKE='${SHELL} '\''/home/zackmon/.ndk-pkg/run/484146/android-21-armeabi-v7a/libspeexdsp/src/missing'\'' automake-1.16'
AWK='gawk'
BUILD_EXAMPLES_FALSE='#'
BUILD_EXAMPLES_TRUE=''
BUILD_KISS_FFT_FALSE=''
BUILD_KISS_FFT_TRUE='#'
BUILD_SMALLFT_FALSE='#'
BUILD_SMALLFT_TRUE=''
CC='/home/zackmon/.ndk-pkg/core/wrapper-target-cc'
CCDEPMODE='depmode=gcc3'
CFLAGS='-Qunused-arguments -fPIC -Wall -fno-common -Os -fvisibility=hidden'
CPPFLAGS='-I/home/zackmon/.ndk-pkg/run/484146/android-21-armeabi-v7a/libspeexdsp/include -Qunused-arguments -include /home/zackmon/.ndk-pkg/run/484146/android-21-armeabi-v7a/libspeexdsp/include/ndk-pkg-common.h -DNDEBUG'
CSCOPE='cscope'
CTAGS='ctags'
CYGPATH_W='echo'
DEFS='-DHAVE_CONFIG_H'
DEPDIR='.deps'
DLLTOOL='dlltool'
DSYMUTIL=''
DUMPBIN=''
ECHO_C=''
ECHO_N='-n'
ECHO_T=''
EGREP='/home/zackmon/.ndk-pkg/uppm/installed/grep/bin/grep -E'
ETAGS='etags'
EXEEXT=''
FFT_CFLAGS=''
FFT_LIBS=''
FFT_PKGCONFIG=''
FGREP='/home/zackmon/.ndk-pkg/uppm/installed/grep/bin/grep -F'
FILECMD='file'
GREP='/home/zackmon/.ndk-pkg/uppm/installed/grep/bin/grep'
INCLUDE_STDINT='#include <stdint.h>'
INSTALL_DATA='${INSTALL} -m 644'
INSTALL_PROGRAM='${INSTALL}'
INSTALL_SCRIPT='${INSTALL}'
INSTALL_STRIP_PROGRAM='$(install_sh) -c -s'
LD='/home/zackmon/.ndk-pkg/uppm/installed/android-ndk-r26d/toolchains/llvm/prebuilt/linux-x86_64/bin/ld.lld'
LDFLAGS='-L/home/zackmon/.ndk-pkg/run/484146/android-21-armeabi-v7a/libspeexdsp/lib -Wl,--as-needed -Wl,-z,muldefs -Wl,--allow-multiple-definition -flto -Wl,-s'
LIBM='-lm'
LIBOBJS=''
LIBS='-lm'
LIBTOOL='$(SHELL) $(top_builddir)/libtool'
LIPO=''
LN_S='ln -s'
LTLIBOBJS=''
LT_SYS_LIBRARY_PATH=''
MAINT=''
MAINTAINER_MODE_FALSE='#'
MAINTAINER_MODE_TRUE=''
MAKEINFO='${SHELL} '\''/home/zackmon/.ndk-pkg/run/484146/android-21-armeabi-v7a/libspeexdsp/src/missing'\'' makeinfo'
MANIFEST_TOOL=':'
MKDIR_P='/home/zackmon/.ndk-pkg/uppm/installed/coreutils/bin/mkdir -p'
NM='/home/zackmon/.ndk-pkg/uppm/installed/android-ndk-r26d/toolchains/llvm/prebuilt/linux-x86_64/bin/llvm-nm'
NMEDIT=''
OBJDUMP='/home/zackmon/.ndk-pkg/uppm/installed/android-ndk-r26d/toolchains/llvm/prebuilt/linux-x86_64/bin/llvm-objdump'
OBJEXT='o'
OTOOL64=''
OTOOL=''
PACKAGE='speexdsp'
PACKAGE_BUGREPORT='speex-dev@xiph.org'
PACKAGE_NAME='speexdsp'
PACKAGE_STRING='speexdsp 1.2.1'
PACKAGE_TARNAME='speexdsp'
PACKAGE_URL=''
PACKAGE_VERSION='1.2.1'
PATH_SEPARATOR=':'
PKG_CONFIG='/home/zackmon/.ndk-pkg/uppm/installed/pkg-config/bin/pkg-config'
PKG_CONFIG_LIBDIR='/home/zackmon/.ndk-pkg/run/484146/android-21-armeabi-v7a/libspeexdsp/lib/pkgconfig'
PKG_CONFIG_PATH='/home/zackmon/.ndk-pkg/run/484146/android-21-armeabi-v7a/libspeexdsp/lib/pkgconfig'
RANLIB='/home/zackmon/.ndk-pkg/uppm/installed/android-ndk-r26d/toolchains/llvm/prebuilt/linux-x86_64/bin/llvm-ranlib'
SED='/home/zackmon/.ndk-pkg/uppm/installed/gsed/bin/sed'
SET_MAKE=''
SHELL='/bin/bash'
SIZE16='int16_t'
SIZE32='int32_t'
SPEEXDSP_LT_AGE='5'
SPEEXDSP_LT_CURRENT='6'
SPEEXDSP_LT_REVISION='2'
STRIP='/home/zackmon/.ndk-pkg/uppm/installed/android-ndk-r26d/toolchains/llvm/prebuilt/linux-x86_64/bin/llvm-strip'
USIZE16='uint16_t'
USIZE32='uint32_t'
VERSION='1.2.1'
ac_ct_AR=''
ac_ct_CC=''
ac_ct_DUMPBIN=''
am__EXEEXT_FALSE=''
am__EXEEXT_TRUE='#'
am__fastdepCC_FALSE='#'
am__fastdepCC_TRUE=''
am__include='include'
am__isrc=' -I$(srcdir)'
am__leading_dot='.'
am__nodep='_no'
am__quote=''
am__tar='$${TAR-tar} chof - "$$tardir"'
am__untar='$${TAR-tar} xf -'
bindir='${exec_prefix}/bin'
build='x86_64-pc-linux-gnu'
build_alias=''
build_cpu='x86_64'
build_os='linux-gnu'
build_vendor='pc'
datadir='${datarootdir}'
datarootdir='${prefix}/share'
docdir='${datarootdir}/doc/${PACKAGE_TARNAME}'
dvidir='${docdir}'
exec_prefix='${prefix}'
host='armv7a-unknown-linux-androideabi'
host_alias='armv7a-linux-androideabi'
host_cpu='armv7a'
host_os='linux-androideabi'
host_vendor='unknown'
htmldir='${docdir}'
includedir='${prefix}/include'
infodir='${datarootdir}/info'
install_sh='${SHELL} /home/zackmon/.ndk-pkg/run/484146/android-21-armeabi-v7a/libspeexdsp/src/install-sh'
libdir='${exec_prefix}/lib'
libexecdir='${exec_prefix}/libexec'
localedir='${datarootdir}/locale'
localstatedir='${prefix}/var'
mandir='${datarootdir}/man'
mkdir_p='$(MKDIR_P)'
oldincludedir='/usr/include'
pdfdir='${docdir}'
prefix='/home/zackmon/.ndk-pkg/installed/android-21-armeabi-v7a/cca0f5f67ed4ac9f7353dd355f6bd4b25a442126e9e3b7a0800adada1e9cf44a'
program_transform_name='s,x,x,'
psdir='${docdir}'
runstatedir='${localstatedir}/run'
sbindir='${exec_prefix}/sbin'
sharedstatedir='${prefix}/com'
src=''
sysconfdir='${prefix}/etc'
target_alias=''

## ----------- ##
## confdefs.h. ##
## ----------- ##

/* confdefs.h */
#define PACKAGE_NAME "speexdsp"
#define PACKAGE_TARNAME "speexdsp"
#define PACKAGE_VERSION "1.2.1"
#define PACKAGE_STRING "speexdsp 1.2.1"
#define PACKAGE_BUGREPORT "speex-dev@xiph.org"
#define PACKAGE_URL ""
#define HAVE_STDIO_H 1
#define HAVE_STDLIB_H 1
#define HAVE_STRING_H 1
#define HAVE_INTTYPES_H 1
#define HAVE_STDINT_H 1
#define HAVE_STRINGS_H 1
#define HAVE_SYS_STAT_H 1
#define HAVE_SYS_TYPES_H 1
#define HAVE_UNISTD_H 1
#define STDC_HEADERS 1
#define HAVE_DLFCN_H 1
#define LT_OBJDIR ".libs/"
#define restrict __restrict__
#define VAR_ARRAYS /**/
#define EXPORT __attribute__((visibility("default")))
#define FLOATING_POINT /**/
#define USE_NEON /**/
#define USE_SMALLFT /**/
#define SIZEOF_INT16_T 2
#define SIZEOF_UINT16_T 2
#define SIZEOF_U_INT16_T 2
#define SIZEOF_INT32_T 4
#define SIZEOF_UINT32_T 4
#define SIZEOF_U_INT32_T 4
#define SIZEOF_SHORT 2
#define SIZEOF_INT 4
#define SIZEOF_LONG 4

configure: exit 0
